{"D:\\Ivan Arpino2\\Python\\Unipegaso\\Master\\agriai-groks-garden\\src\\app.ts": {"path":"D:\\Ivan Arpino2\\Python\\Unipegaso\\Master\\agriai-groks-garden\\src\\app.ts","statementMap":{"0":{"start":{"line":21,"column":0},"end":{"line":21,"column":22}},"1":{"start":{"line":202,"column":0},"end":{"line":202,"column":22}},"2":{"start":{"line":1,"column":0},"end":{"line":1,"column":51}},"3":{"start":{"line":2,"column":0},"end":{"line":2,"column":46}},"4":{"start":{"line":3,"column":0},"end":{"line":3,"column":51}},"5":{"start":{"line":4,"column":0},"end":{"line":4,"column":49}},"6":{"start":{"line":5,"column":0},"end":{"line":5,"column":65}},"7":{"start":{"line":6,"column":0},"end":{"line":6,"column":53}},"8":{"start":{"line":7,"column":0},"end":{"line":7,"column":63}},"9":{"start":{"line":8,"column":0},"end":{"line":8,"column":58}},"10":{"start":{"line":9,"column":0},"end":{"line":9,"column":66}},"11":{"start":{"line":10,"column":0},"end":{"line":10,"column":38}},"12":{"start":{"line":11,"column":0},"end":{"line":11,"column":50}},"13":{"start":{"line":12,"column":0},"end":{"line":12,"column":40}},"14":{"start":{"line":13,"column":0},"end":{"line":13,"column":51}},"15":{"start":{"line":14,"column":0},"end":{"line":14,"column":50}},"16":{"start":{"line":21,"column":28},"end":{"line":199,"column":null}},"17":{"start":{"line":22,"column":14},"end":{"line":26,"column":4}},"18":{"start":{"line":29,"column":17},"end":{"line":31,"column":4}},"19":{"start":{"line":34,"column":21},"end":{"line":34,"column":43}},"20":{"start":{"line":37,"column":20},"end":{"line":37,"column":35}},"21":{"start":{"line":39,"column":28},"end":{"line":39,"column":57}},"22":{"start":{"line":41,"column":23},"end":{"line":41,"column":47}},"23":{"start":{"line":44,"column":2},"end":{"line":44,"column":33}},"24":{"start":{"line":45,"column":2},"end":{"line":45,"column":41}},"25":{"start":{"line":46,"column":2},"end":{"line":46,"column":39}},"26":{"start":{"line":47,"column":2},"end":{"line":47,"column":55}},"27":{"start":{"line":48,"column":2},"end":{"line":48,"column":45}},"28":{"start":{"line":51,"column":2},"end":{"line":56,"column":5}},"29":{"start":{"line":58,"column":2},"end":{"line":60,"column":5}},"30":{"start":{"line":62,"column":2},"end":{"line":68,"column":5}},"31":{"start":{"line":66,"column":6},"end":{"line":66,"column":53}},"32":{"start":{"line":70,"column":2},"end":{"line":70,"column":39}},"33":{"start":{"line":73,"column":2},"end":{"line":78,"column":5}},"34":{"start":{"line":81,"column":2},"end":{"line":87,"column":5}},"35":{"start":{"line":82,"column":4},"end":{"line":86,"column":5}},"36":{"start":{"line":83,"column":6},"end":{"line":83,"column":32}},"37":{"start":{"line":85,"column":6},"end":{"line":85,"column":22}},"38":{"start":{"line":90,"column":2},"end":{"line":117,"column":5}},"39":{"start":{"line":90,"column":46},"end":{"line":117,"column":4}},"40":{"start":{"line":91,"column":4},"end":{"line":116,"column":5}},"41":{"start":{"line":93,"column":6},"end":{"line":93,"column":39}},"42":{"start":{"line":96,"column":25},"end":{"line":96,"column":59}},"43":{"start":{"line":98,"column":6},"end":{"line":109,"column":8}},"44":{"start":{"line":111,"column":6},"end":{"line":115,"column":9}},"45":{"start":{"line":120,"column":2},"end":{"line":120,"column":58}},"46":{"start":{"line":121,"column":2},"end":{"line":121,"column":67}},"47":{"start":{"line":124,"column":2},"end":{"line":126,"column":3}},"48":{"start":{"line":125,"column":4},"end":{"line":125,"column":44}},"49":{"start":{"line":129,"column":2},"end":{"line":177,"column":5}},"50":{"start":{"line":129,"column":54},"end":{"line":177,"column":4}},"51":{"start":{"line":130,"column":4},"end":{"line":130,"column":25}},"52":{"start":{"line":133,"column":4},"end":{"line":138,"column":5}},"53":{"start":{"line":134,"column":6},"end":{"line":137,"column":9}},"54":{"start":{"line":140,"column":4},"end":{"line":145,"column":5}},"55":{"start":{"line":141,"column":6},"end":{"line":144,"column":9}},"56":{"start":{"line":148,"column":4},"end":{"line":153,"column":5}},"57":{"start":{"line":149,"column":6},"end":{"line":152,"column":9}},"58":{"start":{"line":156,"column":4},"end":{"line":161,"column":5}},"59":{"start":{"line":157,"column":6},"end":{"line":160,"column":9}},"60":{"start":{"line":164,"column":4},"end":{"line":169,"column":5}},"61":{"start":{"line":165,"column":6},"end":{"line":168,"column":9}},"62":{"start":{"line":172,"column":23},"end":{"line":172,"column":46}},"63":{"start":{"line":173,"column":4},"end":{"line":176,"column":7}},"64":{"start":{"line":180,"column":27},"end":{"line":193,"column":4}},"65":{"start":{"line":180,"column":38},"end":{"line":193,"column":4}},"66":{"start":{"line":181,"column":4},"end":{"line":181,"column":50}},"67":{"start":{"line":183,"column":4},"end":{"line":192,"column":5}},"68":{"start":{"line":184,"column":6},"end":{"line":184,"column":24}},"69":{"start":{"line":185,"column":6},"end":{"line":185,"column":36}},"70":{"start":{"line":186,"column":6},"end":{"line":186,"column":33}},"71":{"start":{"line":187,"column":6},"end":{"line":187,"column":50}},"72":{"start":{"line":188,"column":6},"end":{"line":188,"column":22}},"73":{"start":{"line":190,"column":6},"end":{"line":190,"column":62}},"74":{"start":{"line":191,"column":6},"end":{"line":191,"column":22}},"75":{"start":{"line":195,"column":2},"end":{"line":195,"column":42}},"76":{"start":{"line":196,"column":2},"end":{"line":196,"column":41}},"77":{"start":{"line":198,"column":2},"end":{"line":198,"column":13}},"78":{"start":{"line":203,"column":2},"end":{"line":220,"column":3}},"79":{"start":{"line":204,"column":16},"end":{"line":204,"column":29}},"80":{"start":{"line":206,"column":17},"end":{"line":206,"column":46}},"81":{"start":{"line":207,"column":17},"end":{"line":207,"column":53}},"82":{"start":{"line":209,"column":4},"end":{"line":209,"column":37}},"83":{"start":{"line":211,"column":4},"end":{"line":211,"column":64}},"84":{"start":{"line":212,"column":4},"end":{"line":212,"column":66}},"85":{"start":{"line":213,"column":4},"end":{"line":213,"column":75}},"86":{"start":{"line":214,"column":4},"end":{"line":214,"column":86}},"87":{"start":{"line":215,"column":4},"end":{"line":215,"column":67}},"88":{"start":{"line":218,"column":4},"end":{"line":218,"column":51}},"89":{"start":{"line":219,"column":4},"end":{"line":219,"column":20}}},"fnMap":{"0":{"name":"build","decl":{"start":{"line":21,"column":22},"end":{"line":21,"column":27}},"loc":{"start":{"line":21,"column":27},"end":{"line":199,"column":null}}},"1":{"name":"(anonymous_8)","decl":{"start":{"line":21,"column":28},"end":{"line":21,"column":47}},"loc":{"start":{"line":21,"column":49},"end":{"line":199,"column":1}}},"2":{"name":"(anonymous_9)","decl":{"start":{"line":65,"column":18},"end":{"line":65,"column":19}},"loc":{"start":{"line":65,"column":30},"end":{"line":67,"column":5}}},"3":{"name":"(anonymous_10)","decl":{"start":{"line":81,"column":31},"end":{"line":81,"column":46}},"loc":{"start":{"line":81,"column":70},"end":{"line":87,"column":4}}},"4":{"name":"(anonymous_12)","decl":{"start":{"line":90,"column":21},"end":{"line":90,"column":28}},"loc":{"start":{"line":90,"column":46},"end":{"line":117,"column":4}}},"5":{"name":"(anonymous_13)","decl":{"start":{"line":90,"column":46},"end":{"line":90,"column":null}},"loc":{"start":{"line":90,"column":46},"end":{"line":117,"column":3}}},"6":{"name":"(anonymous_14)","decl":{"start":{"line":129,"column":22},"end":{"line":129,"column":29}},"loc":{"start":{"line":129,"column":54},"end":{"line":177,"column":4}}},"7":{"name":"(anonymous_15)","decl":{"start":{"line":129,"column":54},"end":{"line":129,"column":null}},"loc":{"start":{"line":129,"column":54},"end":{"line":177,"column":3}}},"8":{"name":"(anonymous_16)","decl":{"start":{"line":180,"column":27},"end":{"line":180,"column":36}},"loc":{"start":{"line":180,"column":38},"end":{"line":193,"column":4}}},"9":{"name":"(anonymous_17)","decl":{"start":{"line":180,"column":38},"end":{"line":180,"column":null}},"loc":{"start":{"line":180,"column":38},"end":{"line":193,"column":3}}},"10":{"name":"start","decl":{"start":{"line":202,"column":22},"end":{"line":202,"column":27}},"loc":{"start":{"line":202,"column":27},"end":{"line":221,"column":null}}}},"branchMap":{"0":{"loc":{"start":{"line":21,"column":28},"end":{"line":21,"column":49}},"type":"default-arg","locations":[{"start":{"line":21,"column":47},"end":{"line":21,"column":49}}]},"1":{"loc":{"start":{"line":23,"column":12},"end":{"line":25,"column":13}},"type":"cond-expr","locations":[{"start":{"line":23,"column":36},"end":{"line":25,"column":6}},{"start":{"line":25,"column":8},"end":{"line":25,"column":13}}]},"2":{"loc":{"start":{"line":24,"column":13},"end":{"line":24,"column":44}},"type":"binary-expr","locations":[{"start":{"line":24,"column":13},"end":{"line":24,"column":34}},{"start":{"line":24,"column":38},"end":{"line":24,"column":44}}]},"3":{"loc":{"start":{"line":30,"column":9},"end":{"line":30,"column":60}},"type":"cond-expr","locations":[{"start":{"line":30,"column":21},"end":{"line":30,"column":23}},{"start":{"line":30,"column":26},"end":{"line":30,"column":60}}]},"4":{"loc":{"start":{"line":52,"column":12},"end":{"line":52,"column":63}},"type":"binary-expr","locations":[{"start":{"line":52,"column":12},"end":{"line":52,"column":36}},{"start":{"line":52,"column":40},"end":{"line":52,"column":63}}]},"5":{"loc":{"start":{"line":59,"column":12},"end":{"line":59,"column":55}},"type":"binary-expr","locations":[{"start":{"line":59,"column":12},"end":{"line":59,"column":34}},{"start":{"line":59,"column":38},"end":{"line":59,"column":55}}]},"6":{"loc":{"start":{"line":66,"column":13},"end":{"line":66,"column":52}},"type":"binary-expr","locations":[{"start":{"line":66,"column":13},"end":{"line":66,"column":38}},{"start":{"line":66,"column":42},"end":{"line":66,"column":52}}]},"7":{"loc":{"start":{"line":66,"column":13},"end":{"line":66,"column":38}},"type":"cond-expr","locations":[{"start":{"line":66,"column":34},"end":{"line":66,"column":36}},{"start":{"line":66,"column":34},"end":{"line":66,"column":38}}]},"8":{"loc":{"start":{"line":66,"column":13},"end":{"line":66,"column":36}},"type":"binary-expr","locations":[{"start":{"line":66,"column":13},"end":{"line":66,"column":36}},{"start":{"line":66,"column":34},"end":{"line":66,"column":36}}]},"9":{"loc":{"start":{"line":101,"column":17},"end":{"line":101,"column":59}},"type":"binary-expr","locations":[{"start":{"line":101,"column":17},"end":{"line":101,"column":48}},{"start":{"line":101,"column":52},"end":{"line":101,"column":59}}]},"10":{"loc":{"start":{"line":124,"column":2},"end":{"line":126,"column":3}},"type":"if","locations":[{"start":{"line":124,"column":2},"end":{"line":126,"column":3}}]},"11":{"loc":{"start":{"line":133,"column":4},"end":{"line":138,"column":5}},"type":"if","locations":[{"start":{"line":133,"column":4},"end":{"line":138,"column":5}}]},"12":{"loc":{"start":{"line":140,"column":4},"end":{"line":145,"column":5}},"type":"if","locations":[{"start":{"line":140,"column":4},"end":{"line":145,"column":5}}]},"13":{"loc":{"start":{"line":148,"column":4},"end":{"line":153,"column":5}},"type":"if","locations":[{"start":{"line":148,"column":4},"end":{"line":153,"column":5}}]},"14":{"loc":{"start":{"line":156,"column":4},"end":{"line":161,"column":5}},"type":"if","locations":[{"start":{"line":156,"column":4},"end":{"line":161,"column":5}}]},"15":{"loc":{"start":{"line":164,"column":4},"end":{"line":169,"column":5}},"type":"if","locations":[{"start":{"line":164,"column":4},"end":{"line":169,"column":5}}]},"16":{"loc":{"start":{"line":172,"column":23},"end":{"line":172,"column":46}},"type":"binary-expr","locations":[{"start":{"line":172,"column":23},"end":{"line":172,"column":39}},{"start":{"line":172,"column":43},"end":{"line":172,"column":46}}]},"17":{"loc":{"start":{"line":175,"column":15},"end":{"line":175,"column":94}},"type":"cond-expr","locations":[{"start":{"line":175,"column":56},"end":{"line":175,"column":69}},{"start":{"line":175,"column":72},"end":{"line":175,"column":94}}]},"18":{"loc":{"start":{"line":206,"column":17},"end":{"line":206,"column":46}},"type":"binary-expr","locations":[{"start":{"line":206,"column":17},"end":{"line":206,"column":33}},{"start":{"line":206,"column":37},"end":{"line":206,"column":46}}]},"19":{"loc":{"start":{"line":207,"column":26},"end":{"line":207,"column":52}},"type":"binary-expr","locations":[{"start":{"line":207,"column":26},"end":{"line":207,"column":42}},{"start":{"line":207,"column":46},"end":{"line":207,"column":52}}]}},"s":{"0":0,"1":0,"2":0,"3":0,"4":0,"5":0,"6":0,"7":0,"8":0,"9":0,"10":0,"11":0,"12":0,"13":0,"14":0,"15":0,"16":0,"17":0,"18":0,"19":0,"20":0,"21":0,"22":0,"23":0,"24":0,"25":0,"26":0,"27":0,"28":0,"29":0,"30":0,"31":0,"32":0,"33":0,"34":0,"35":0,"36":0,"37":0,"38":0,"39":0,"40":0,"41":0,"42":0,"43":0,"44":0,"45":0,"46":0,"47":0,"48":0,"49":0,"50":0,"51":0,"52":0,"53":0,"54":0,"55":0,"56":0,"57":0,"58":0,"59":0,"60":0,"61":0,"62":0,"63":0,"64":0,"65":0,"66":0,"67":0,"68":0,"69":0,"70":0,"71":0,"72":0,"73":0,"74":0,"75":0,"76":0,"77":0,"78":0,"79":0,"80":0,"81":0,"82":0,"83":0,"84":0,"85":0,"86":0,"87":0,"88":0,"89":0},"f":{"0":0,"1":0,"2":0,"3":0,"4":0,"5":0,"6":0,"7":0,"8":0,"9":0,"10":0},"b":{"0":[0],"1":[0,0],"2":[0,0],"3":[0,0],"4":[0,0],"5":[0,0],"6":[0,0],"7":[0,0],"8":[0,0],"9":[0,0],"10":[0],"11":[0],"12":[0],"13":[0],"14":[0],"15":[0],"16":[0,0],"17":[0,0],"18":[0,0],"19":[0,0]}}
,"D:\\Ivan Arpino2\\Python\\Unipegaso\\Master\\agriai-groks-garden\\src\\server.ts": {"path":"D:\\Ivan Arpino2\\Python\\Unipegaso\\Master\\agriai-groks-garden\\src\\server.ts","statementMap":{"0":{"start":{"line":14,"column":0},"end":{"line":14,"column":23}},"1":{"start":{"line":15,"column":0},"end":{"line":15,"column":30}},"2":{"start":{"line":18,"column":24},"end":{"line":22,"column":2}},"3":{"start":{"line":24,"column":23},"end":{"line":24,"column":79}},"4":{"start":{"line":24,"column":57},"end":{"line":24,"column":78}},"5":{"start":{"line":26,"column":0},"end":{"line":33,"column":1}},"6":{"start":{"line":27,"column":2},"end":{"line":27,"column":61}},"7":{"start":{"line":28,"column":2},"end":{"line":30,"column":5}},"8":{"start":{"line":29,"column":4},"end":{"line":29,"column":37}},"9":{"start":{"line":31,"column":2},"end":{"line":31,"column":92}},"10":{"start":{"line":32,"column":2},"end":{"line":32,"column":18}},"11":{"start":{"line":36,"column":0},"end":{"line":39,"column":3}},"12":{"start":{"line":37,"column":2},"end":{"line":37,"column":64}},"13":{"start":{"line":38,"column":2},"end":{"line":38,"column":18}}},"fnMap":{"0":{"name":"(anonymous_0)","decl":{"start":{"line":24,"column":46},"end":{"line":24,"column":53}},"loc":{"start":{"line":24,"column":57},"end":{"line":24,"column":78}}},"1":{"name":"(anonymous_1)","decl":{"start":{"line":28,"column":25},"end":{"line":28,"column":32}},"loc":{"start":{"line":28,"column":35},"end":{"line":30,"column":3}}},"2":{"name":"(anonymous_2)","decl":{"start":{"line":36,"column":14},"end":{"line":36,"column":19}},"loc":{"start":{"line":36,"column":22},"end":{"line":39,"column":1}}}},"branchMap":{"0":{"loc":{"start":{"line":26,"column":0},"end":{"line":33,"column":1}},"type":"if","locations":[{"start":{"line":26,"column":0},"end":{"line":33,"column":1}}]}},"s":{"0":0,"1":0,"2":0,"3":0,"4":0,"5":0,"6":0,"7":0,"8":0,"9":0,"10":0,"11":0,"12":0,"13":0},"f":{"0":0,"1":0,"2":0},"b":{"0":[0]}}
,"D:\\Ivan Arpino2\\Python\\Unipegaso\\Master\\agriai-groks-garden\\src\\components\\ui\\aspect-ratio.tsx": {"path":"D:\\Ivan Arpino2\\Python\\Unipegaso\\Master\\agriai-groks-garden\\src\\components\\ui\\aspect-ratio.tsx","statementMap":{"0":{"start":{"line":1,"column":0},"end":{"line":1,"column":68}},"1":{"start":{"line":3,"column":20},"end":{"line":3,"column":45}},"2":{"start":{"line":5,"column":9},"end":{"line":5,"column":20}}},"fnMap":{},"branchMap":{},"s":{"0":0,"1":0,"2":0},"f":{},"b":{}}
,"D:\\Ivan Arpino2\\Python\\Unipegaso\\Master\\agriai-groks-garden\\src\\components\\ui\\collapsible.tsx": {"path":"D:\\Ivan Arpino2\\Python\\Unipegaso\\Master\\agriai-groks-garden\\src\\components\\ui\\collapsible.tsx","statementMap":{"0":{"start":{"line":1,"column":0},"end":{"line":1,"column":67}},"1":{"start":{"line":3,"column":20},"end":{"line":3,"column":45}},"2":{"start":{"line":9,"column":9},"end":{"line":9,"column":20}},"3":{"start":{"line":5,"column":27},"end":{"line":5,"column":66}},"4":{"start":{"line":9,"column":22},"end":{"line":9,"column":40}},"5":{"start":{"line":7,"column":27},"end":{"line":7,"column":66}},"6":{"start":{"line":9,"column":42},"end":{"line":9,"column":60}}},"fnMap":{},"branchMap":{},"s":{"0":0,"1":0,"2":0,"3":0,"4":0,"5":0,"6":0},"f":{},"b":{}}
,"D:\\Ivan Arpino2\\Python\\Unipegaso\\Master\\agriai-groks-garden\\src\\components\\ui\\use-toast.ts": {"path":"D:\\Ivan Arpino2\\Python\\Unipegaso\\Master\\agriai-groks-garden\\src\\components\\ui\\use-toast.ts","statementMap":{"0":{"start":{"line":1,"column":0},"end":{"line":1,"column":9}},"1":{"start":{"line":3,"column":9},"end":{"line":1,"column":19}},"2":{"start":{"line":3,"column":19},"end":{"line":1,"column":52}}},"fnMap":{"0":{"name":"(anonymous_0)","decl":{"start":{"line":3,"column":9},"end":{"line":3,"column":17}},"loc":{"start":{"line":3,"column":9},"end":{"line":1,"column":19}}},"1":{"name":"(anonymous_1)","decl":{"start":{"line":3,"column":19},"end":{"line":3,"column":24}},"loc":{"start":{"line":3,"column":19},"end":{"line":1,"column":52}}}},"branchMap":{},"s":{"0":0,"1":0,"2":0},"f":{"0":0,"1":0},"b":{}}
,"D:\\Ivan Arpino2\\Python\\Unipegaso\\Master\\agriai-groks-garden\\src\\hooks\\use-mobile.tsx": {"path":"D:\\Ivan Arpino2\\Python\\Unipegaso\\Master\\agriai-groks-garden\\src\\hooks\\use-mobile.tsx","statementMap":{"0":{"start":{"line":5,"column":0},"end":{"line":5,"column":16}},"1":{"start":{"line":1,"column":0},"end":{"line":1,"column":30}},"2":{"start":{"line":3,"column":26},"end":{"line":3,"column":29}},"3":{"start":{"line":6,"column":34},"end":{"line":6,"column":80}},"4":{"start":{"line":8,"column":2},"end":{"line":16,"column":null}},"5":{"start":{"line":9,"column":16},"end":{"line":9,"column":76}},"6":{"start":{"line":10,"column":21},"end":{"line":12,"column":5}},"7":{"start":{"line":11,"column":6},"end":{"line":11,"column":null}},"8":{"start":{"line":13,"column":4},"end":{"line":13,"column":null}},"9":{"start":{"line":14,"column":4},"end":{"line":14,"column":null}},"10":{"start":{"line":15,"column":4},"end":{"line":15,"column":null}},"11":{"start":{"line":15,"column":17},"end":{"line":15,"column":60}},"12":{"start":{"line":18,"column":2},"end":{"line":18,"column":null}}},"fnMap":{"0":{"name":"useIsMobile","decl":{"start":{"line":5,"column":16},"end":{"line":5,"column":27}},"loc":{"start":{"line":5,"column":27},"end":{"line":19,"column":1}}},"1":{"name":"(anonymous_1)","decl":{"start":{"line":8,"column":18},"end":{"line":8,"column":21}},"loc":{"start":{"line":8,"column":23},"end":{"line":16,"column":3}}},"2":{"name":"(anonymous_2)","decl":{"start":{"line":10,"column":21},"end":{"line":10,"column":24}},"loc":{"start":{"line":10,"column":26},"end":{"line":12,"column":5}}},"3":{"name":"(anonymous_3)","decl":{"start":{"line":15,"column":11},"end":{"line":15,"column":14}},"loc":{"start":{"line":15,"column":17},"end":{"line":15,"column":60}}}},"branchMap":{},"s":{"0":0,"1":0,"2":0,"3":0,"4":0,"5":0,"6":0,"7":0,"8":0,"9":0,"10":0,"11":0,"12":0},"f":{"0":0,"1":0,"2":0,"3":0},"b":{}}
,"D:\\Ivan Arpino2\\Python\\Unipegaso\\Master\\agriai-groks-garden\\src\\lib\\chatApi.ts": {"path":"D:\\Ivan Arpino2\\Python\\Unipegaso\\Master\\agriai-groks-garden\\src\\lib\\chatApi.ts","statementMap":{"0":{"start":{"line":376,"column":0},"end":{"line":376,"column":16}},"1":{"start":{"line":389,"column":0},"end":{"line":389,"column":16}},"2":{"start":{"line":406,"column":0},"end":{"line":406,"column":16}},"3":{"start":{"line":12,"column":0},"end":{"line":12,"column":49}},"4":{"start":{"line":75,"column":23},"end":{"line":80,"column":11}},"5":{"start":{"line":91,"column":4},"end":{"line":117,"column":5}},"6":{"start":{"line":92,"column":23},"end":{"line":94,"column":8}},"7":{"start":{"line":97,"column":6},"end":{"line":110,"column":null}},"8":{"start":{"line":115,"column":6},"end":{"line":115,"column":54}},"9":{"start":{"line":116,"column":6},"end":{"line":116,"column":18}},"10":{"start":{"line":128,"column":4},"end":{"line":157,"column":5}},"11":{"start":{"line":129,"column":26},"end":{"line":129,"column":47}},"12":{"start":{"line":130,"column":6},"end":{"line":130,"column":78}},"13":{"start":{"line":130,"column":25},"end":{"line":130,"column":78}},"14":{"start":{"line":131,"column":6},"end":{"line":131,"column":81}},"15":{"start":{"line":131,"column":26},"end":{"line":131,"column":81}},"16":{"start":{"line":132,"column":6},"end":{"line":132,"column":70}},"17":{"start":{"line":132,"column":26},"end":{"line":132,"column":70}},"18":{"start":{"line":134,"column":18},"end":{"line":136,"column":42}},"19":{"start":{"line":138,"column":23},"end":{"line":138,"column":79}},"20":{"start":{"line":141,"column":6},"end":{"line":151,"column":null}},"21":{"start":{"line":143,"column":58},"end":{"line":150,"column":null}},"22":{"start":{"line":155,"column":6},"end":{"line":155,"column":59}},"23":{"start":{"line":156,"column":6},"end":{"line":156,"column":18}},"24":{"start":{"line":164,"column":4},"end":{"line":171,"column":5}},"25":{"start":{"line":165,"column":6},"end":{"line":167,"column":9}},"26":{"start":{"line":169,"column":6},"end":{"line":169,"column":57}},"27":{"start":{"line":170,"column":6},"end":{"line":170,"column":18}},"28":{"start":{"line":183,"column":4},"end":{"line":188,"column":5}},"29":{"start":{"line":184,"column":6},"end":{"line":184,"column":77}},"30":{"start":{"line":186,"column":6},"end":{"line":186,"column":66}},"31":{"start":{"line":187,"column":6},"end":{"line":187,"column":18}},"32":{"start":{"line":217,"column":10},"end":{"line":217,"column":38}},"33":{"start":{"line":219,"column":10},"end":{"line":219,"column":32}},"34":{"start":{"line":220,"column":10},"end":{"line":220,"column":31}},"35":{"start":{"line":221,"column":10},"end":{"line":221,"column":72}},"36":{"start":{"line":222,"column":10},"end":{"line":222,"column":68}},"37":{"start":{"line":225,"column":4},"end":{"line":230,"column":6}},"38":{"start":{"line":234,"column":21},"end":{"line":234,"column":75}},"39":{"start":{"line":235,"column":17},"end":{"line":235,"column":37}},"40":{"start":{"line":236,"column":4},"end":{"line":236,"column":42}},"41":{"start":{"line":240,"column":4},"end":{"line":242,"column":5}},"42":{"start":{"line":241,"column":6},"end":{"line":241,"column":13}},"43":{"start":{"line":244,"column":4},"end":{"line":246,"column":5}},"44":{"start":{"line":245,"column":6},"end":{"line":245,"column":13}},"45":{"start":{"line":248,"column":4},"end":{"line":248,"column":29}},"46":{"start":{"line":250,"column":4},"end":{"line":299,"column":5}},"47":{"start":{"line":251,"column":20},"end":{"line":251,"column":44}},"48":{"start":{"line":252,"column":6},"end":{"line":254,"column":7}},"49":{"start":{"line":253,"column":8},"end":{"line":253,"column":61}},"50":{"start":{"line":256,"column":20},"end":{"line":256,"column":55}},"51":{"start":{"line":257,"column":6},"end":{"line":257,"column":37}},"52":{"start":{"line":259,"column":6},"end":{"line":294,"column":9}},"53":{"start":{"line":260,"column":8},"end":{"line":260,"column":76}},"54":{"start":{"line":260,"column":22},"end":{"line":260,"column":76}},"55":{"start":{"line":262,"column":8},"end":{"line":268,"column":10}},"56":{"start":{"line":263,"column":10},"end":{"line":263,"column":62}},"57":{"start":{"line":264,"column":10},"end":{"line":264,"column":36}},"58":{"start":{"line":265,"column":10},"end":{"line":265,"column":37}},"59":{"start":{"line":266,"column":10},"end":{"line":266,"column":46}},"60":{"start":{"line":267,"column":10},"end":{"line":267,"column":20}},"61":{"start":{"line":270,"column":8},"end":{"line":277,"column":10}},"62":{"start":{"line":271,"column":10},"end":{"line":276,"column":11}},"63":{"start":{"line":272,"column":46},"end":{"line":272,"column":68}},"64":{"start":{"line":273,"column":12},"end":{"line":273,"column":70}},"65":{"start":{"line":273,"column":52},"end":{"line":273,"column":68}},"66":{"start":{"line":275,"column":12},"end":{"line":275,"column":71}},"67":{"start":{"line":279,"column":8},"end":{"line":287,"column":10}},"68":{"start":{"line":280,"column":10},"end":{"line":280,"column":75}},"69":{"start":{"line":281,"column":10},"end":{"line":281,"column":36}},"70":{"start":{"line":282,"column":10},"end":{"line":282,"column":47}},"71":{"start":{"line":284,"column":10},"end":{"line":286,"column":11}},"72":{"start":{"line":285,"column":12},"end":{"line":285,"column":37}},"73":{"start":{"line":289,"column":8},"end":{"line":293,"column":10}},"74":{"start":{"line":290,"column":10},"end":{"line":290,"column":51}},"75":{"start":{"line":291,"column":10},"end":{"line":291,"column":36}},"76":{"start":{"line":292,"column":10},"end":{"line":292,"column":24}},"77":{"start":{"line":297,"column":6},"end":{"line":297,"column":32}},"78":{"start":{"line":298,"column":6},"end":{"line":298,"column":18}},"79":{"start":{"line":303,"column":4},"end":{"line":303,"column":29}},"80":{"start":{"line":304,"column":4},"end":{"line":304,"column":120}},"81":{"start":{"line":306,"column":4},"end":{"line":310,"column":38}},"82":{"start":{"line":307,"column":6},"end":{"line":309,"column":9}},"83":{"start":{"line":308,"column":8},"end":{"line":308,"column":63}},"84":{"start":{"line":314,"column":4},"end":{"line":318,"column":5}},"85":{"start":{"line":315,"column":6},"end":{"line":315,"column":44}},"86":{"start":{"line":317,"column":6},"end":{"line":317,"column":74}},"87":{"start":{"line":322,"column":4},"end":{"line":322,"column":39}},"88":{"start":{"line":325,"column":4},"end":{"line":330,"column":6}},"89":{"start":{"line":326,"column":20},"end":{"line":326,"column":57}},"90":{"start":{"line":327,"column":6},"end":{"line":329,"column":7}},"91":{"start":{"line":328,"column":8},"end":{"line":328,"column":46}},"92":{"start":{"line":334,"column":4},"end":{"line":334,"column":42}},"93":{"start":{"line":337,"column":4},"end":{"line":342,"column":6}},"94":{"start":{"line":338,"column":20},"end":{"line":338,"column":60}},"95":{"start":{"line":339,"column":6},"end":{"line":341,"column":7}},"96":{"start":{"line":340,"column":8},"end":{"line":340,"column":49}},"97":{"start":{"line":346,"column":4},"end":{"line":346,"column":67}},"98":{"start":{"line":346,"column":47},"end":{"line":346,"column":65}},"99":{"start":{"line":350,"column":4},"end":{"line":350,"column":38}},"100":{"start":{"line":351,"column":4},"end":{"line":354,"column":5}},"101":{"start":{"line":352,"column":6},"end":{"line":352,"column":22}},"102":{"start":{"line":353,"column":6},"end":{"line":353,"column":21}},"103":{"start":{"line":358,"column":4},"end":{"line":358,"column":50}},"104":{"start":{"line":216,"column":0},"end":{"line":216,"column":13}},"105":{"start":{"line":366,"column":13},"end":{"line":366,"column":43}},"106":{"start":{"line":367,"column":13},"end":{"line":367,"column":55}},"107":{"start":{"line":377,"column":2},"end":{"line":383,"column":4}},"108":{"start":{"line":390,"column":18},"end":{"line":390,"column":32}},"109":{"start":{"line":392,"column":2},"end":{"line":394,"column":3}},"110":{"start":{"line":393,"column":4},"end":{"line":393,"column":74}},"111":{"start":{"line":396,"column":2},"end":{"line":398,"column":3}},"112":{"start":{"line":397,"column":4},"end":{"line":397,"column":93}},"113":{"start":{"line":400,"column":2},"end":{"line":400,"column":27}},"114":{"start":{"line":407,"column":14},"end":{"line":407,"column":24}},"115":{"start":{"line":408,"column":17},"end":{"line":408,"column":52}},"116":{"start":{"line":409,"column":22},"end":{"line":409,"column":54}},"117":{"start":{"line":410,"column":20},"end":{"line":410,"column":48}},"118":{"start":{"line":411,"column":19},"end":{"line":411,"column":45}},"119":{"start":{"line":413,"column":2},"end":{"line":427,"column":3}},"120":{"start":{"line":414,"column":4},"end":{"line":414,"column":17}},"121":{"start":{"line":415,"column":9},"end":{"line":427,"column":3}},"122":{"start":{"line":416,"column":4},"end":{"line":416,"column":32}},"123":{"start":{"line":417,"column":9},"end":{"line":427,"column":3}},"124":{"start":{"line":418,"column":4},"end":{"line":418,"column":30}},"125":{"start":{"line":419,"column":9},"end":{"line":427,"column":3}},"126":{"start":{"line":420,"column":4},"end":{"line":420,"column":29}},"127":{"start":{"line":422,"column":4},"end":{"line":426,"column":7}},"128":{"start":{"line":430,"column":0},"end":{"line":430,"column":23}}},"fnMap":{"0":{"name":"(anonymous_7)","decl":{"start":{"line":90,"column":8},"end":{"line":90,"column":19}},"loc":{"start":{"line":90,"column":47},"end":{"line":118,"column":null}}},"1":{"name":"(anonymous_9)","decl":{"start":{"line":123,"column":8},"end":{"line":123,"column":24}},"loc":{"start":{"line":127,"column":3},"end":{"line":158,"column":null}}},"2":{"name":"(anonymous_11)","decl":{"start":{"line":143,"column":50},"end":{"line":143,"column":54}},"loc":{"start":{"line":143,"column":58},"end":{"line":150,"column":null}}},"3":{"name":"(anonymous_12)","decl":{"start":{"line":163,"column":8},"end":{"line":163,"column":22}},"loc":{"start":{"line":163,"column":47},"end":{"line":172,"column":null}}},"4":{"name":"(anonymous_14)","decl":{"start":{"line":177,"column":8},"end":{"line":177,"column":29}},"loc":{"start":{"line":177,"column":29},"end":{"line":189,"column":null}}},"5":{"name":"(anonymous_16)","decl":{"start":{"line":224,"column":2},"end":{"line":224,"column":14}},"loc":{"start":{"line":224,"column":42},"end":{"line":231,"column":3}}},"6":{"name":"(anonymous_17)","decl":{"start":{"line":233,"column":10},"end":{"line":233,"column":25}},"loc":{"start":{"line":233,"column":25},"end":{"line":237,"column":3}}},"7":{"name":"(anonymous_18)","decl":{"start":{"line":239,"column":8},"end":{"line":239,"column":15}},"loc":{"start":{"line":239,"column":15},"end":{"line":300,"column":null}}},"8":{"name":"(anonymous_20)","decl":{"start":{"line":259,"column":25},"end":{"line":259,"column":26}},"loc":{"start":{"line":259,"column":45},"end":{"line":294,"column":7}}},"9":{"name":"(anonymous_21)","decl":{"start":{"line":262,"column":25},"end":{"line":262,"column":28}},"loc":{"start":{"line":262,"column":30},"end":{"line":268,"column":9}}},"10":{"name":"(anonymous_22)","decl":{"start":{"line":270,"column":28},"end":{"line":270,"column":29}},"loc":{"start":{"line":270,"column":38},"end":{"line":277,"column":9}}},"11":{"name":"(anonymous_23)","decl":{"start":{"line":273,"column":41},"end":{"line":273,"column":48}},"loc":{"start":{"line":273,"column":52},"end":{"line":273,"column":68}}},"12":{"name":"(anonymous_24)","decl":{"start":{"line":279,"column":26},"end":{"line":279,"column":27}},"loc":{"start":{"line":279,"column":36},"end":{"line":287,"column":9}}},"13":{"name":"(anonymous_25)","decl":{"start":{"line":289,"column":26},"end":{"line":289,"column":27}},"loc":{"start":{"line":289,"column":36},"end":{"line":293,"column":9}}},"14":{"name":"(anonymous_26)","decl":{"start":{"line":302,"column":10},"end":{"line":302,"column":27}},"loc":{"start":{"line":302,"column":27},"end":{"line":311,"column":3}}},"15":{"name":"(anonymous_27)","decl":{"start":{"line":306,"column":15},"end":{"line":306,"column":18}},"loc":{"start":{"line":306,"column":20},"end":{"line":310,"column":5}}},"16":{"name":"(anonymous_28)","decl":{"start":{"line":307,"column":27},"end":{"line":307,"column":32}},"loc":{"start":{"line":307,"column":35},"end":{"line":309,"column":7}}},"17":{"name":"(anonymous_29)","decl":{"start":{"line":313,"column":2},"end":{"line":313,"column":13}},"loc":{"start":{"line":313,"column":39},"end":{"line":319,"column":3}}},"18":{"name":"(anonymous_30)","decl":{"start":{"line":321,"column":2},"end":{"line":321,"column":11}},"loc":{"start":{"line":321,"column":56},"end":{"line":331,"column":3}}},"19":{"name":"(anonymous_31)","decl":{"start":{"line":325,"column":11},"end":{"line":325,"column":14}},"loc":{"start":{"line":325,"column":16},"end":{"line":330,"column":5}}},"20":{"name":"(anonymous_32)","decl":{"start":{"line":333,"column":2},"end":{"line":333,"column":20}},"loc":{"start":{"line":333,"column":58},"end":{"line":343,"column":3}}},"21":{"name":"(anonymous_33)","decl":{"start":{"line":337,"column":11},"end":{"line":337,"column":14}},"loc":{"start":{"line":337,"column":16},"end":{"line":342,"column":5}}},"22":{"name":"(anonymous_34)","decl":{"start":{"line":345,"column":10},"end":{"line":345,"column":34}},"loc":{"start":{"line":345,"column":53},"end":{"line":347,"column":3}}},"23":{"name":"(anonymous_35)","decl":{"start":{"line":346,"column":36},"end":{"line":346,"column":43}},"loc":{"start":{"line":346,"column":47},"end":{"line":346,"column":65}}},"24":{"name":"(anonymous_36)","decl":{"start":{"line":349,"column":2},"end":{"line":349,"column":12}},"loc":{"start":{"line":349,"column":12},"end":{"line":355,"column":3}}},"25":{"name":"(anonymous_37)","decl":{"start":{"line":357,"column":2},"end":{"line":357,"column":13}},"loc":{"start":{"line":357,"column":13},"end":{"line":359,"column":3}}},"26":{"name":"createUserMessage","decl":{"start":{"line":376,"column":16},"end":{"line":376,"column":33}},"loc":{"start":{"line":376,"column":74},"end":{"line":384,"column":1}}},"27":{"name":"validateMessageContent","decl":{"start":{"line":389,"column":16},"end":{"line":389,"column":38}},"loc":{"start":{"line":389,"column":54},"end":{"line":401,"column":1}}},"28":{"name":"formatMessageTime","decl":{"start":{"line":406,"column":16},"end":{"line":406,"column":33}},"loc":{"start":{"line":406,"column":49},"end":{"line":428,"column":1}}}},"branchMap":{"0":{"loc":{"start":{"line":130,"column":6},"end":{"line":130,"column":78}},"type":"if","locations":[{"start":{"line":130,"column":6},"end":{"line":130,"column":78}}]},"1":{"loc":{"start":{"line":130,"column":10},"end":{"line":130,"column":23}},"type":"cond-expr","locations":[{"start":{"line":130,"column":16},"end":{"line":130,"column":18}},{"start":{"line":130,"column":10},"end":{"line":130,"column":23}}]},"2":{"loc":{"start":{"line":130,"column":10},"end":{"line":130,"column":18}},"type":"binary-expr","locations":[{"start":{"line":130,"column":10},"end":{"line":130,"column":18}},{"start":{"line":130,"column":10},"end":{"line":130,"column":18}}]},"3":{"loc":{"start":{"line":131,"column":6},"end":{"line":131,"column":81}},"type":"if","locations":[{"start":{"line":131,"column":6},"end":{"line":131,"column":81}}]},"4":{"loc":{"start":{"line":131,"column":10},"end":{"line":131,"column":24}},"type":"cond-expr","locations":[{"start":{"line":131,"column":16},"end":{"line":131,"column":18}},{"start":{"line":131,"column":10},"end":{"line":131,"column":24}}]},"5":{"loc":{"start":{"line":131,"column":10},"end":{"line":131,"column":18}},"type":"binary-expr","locations":[{"start":{"line":131,"column":10},"end":{"line":131,"column":18}},{"start":{"line":131,"column":10},"end":{"line":131,"column":18}}]},"6":{"loc":{"start":{"line":132,"column":6},"end":{"line":132,"column":70}},"type":"if","locations":[{"start":{"line":132,"column":6},"end":{"line":132,"column":70}}]},"7":{"loc":{"start":{"line":132,"column":10},"end":{"line":132,"column":24}},"type":"cond-expr","locations":[{"start":{"line":132,"column":16},"end":{"line":132,"column":18}},{"start":{"line":132,"column":10},"end":{"line":132,"column":24}}]},"8":{"loc":{"start":{"line":132,"column":10},"end":{"line":132,"column":18}},"type":"binary-expr","locations":[{"start":{"line":132,"column":10},"end":{"line":132,"column":18}},{"start":{"line":132,"column":10},"end":{"line":132,"column":18}}]},"9":{"loc":{"start":{"line":134,"column":18},"end":{"line":136,"column":42}},"type":"cond-expr","locations":[{"start":{"line":135,"column":10},"end":{"line":135,"column":73}},{"start":{"line":136,"column":10},"end":{"line":136,"column":42}}]},"10":{"loc":{"start":{"line":134,"column":18},"end":{"line":134,"column":58}},"type":"binary-expr","locations":[{"start":{"line":134,"column":18},"end":{"line":134,"column":24}},{"start":{"line":134,"column":28},"end":{"line":134,"column":58}}]},"11":{"loc":{"start":{"line":147,"column":23},"end":{"line":150,"column":23}},"type":"cond-expr","locations":[{"start":{"line":147,"column":41},"end":{"line":149,"column":null}},{"start":{"line":150,"column":14},"end":{"line":150,"column":23}}]},"12":{"loc":{"start":{"line":224,"column":14},"end":{"line":224,"column":42}},"type":"default-arg","locations":[{"start":{"line":224,"column":40},"end":{"line":224,"column":42}}]},"13":{"loc":{"start":{"line":226,"column":11},"end":{"line":226,"column":47}},"type":"binary-expr","locations":[{"start":{"line":226,"column":11},"end":{"line":226,"column":21}},{"start":{"line":226,"column":25},"end":{"line":226,"column":47}}]},"14":{"loc":{"start":{"line":227,"column":21},"end":{"line":227,"column":49}},"type":"cond-expr","locations":[{"start":{"line":227,"column":41},"end":{"line":227,"column":45}},{"start":{"line":227,"column":45},"end":{"line":227,"column":49}}]},"15":{"loc":{"start":{"line":227,"column":21},"end":{"line":227,"column":45}},"type":"binary-expr","locations":[{"start":{"line":227,"column":21},"end":{"line":227,"column":45}},{"start":{"line":227,"column":41},"end":{"line":227,"column":45}}]},"16":{"loc":{"start":{"line":228,"column":25},"end":{"line":228,"column":57}},"type":"cond-expr","locations":[{"start":{"line":228,"column":49},"end":{"line":228,"column":53}},{"start":{"line":228,"column":53},"end":{"line":228,"column":57}}]},"17":{"loc":{"start":{"line":228,"column":25},"end":{"line":228,"column":53}},"type":"binary-expr","locations":[{"start":{"line":228,"column":25},"end":{"line":228,"column":53}},{"start":{"line":228,"column":49},"end":{"line":228,"column":53}}]},"18":{"loc":{"start":{"line":229,"column":28},"end":{"line":229,"column":60}},"type":"cond-expr","locations":[{"start":{"line":229,"column":55},"end":{"line":229,"column":59}},{"start":{"line":229,"column":59},"end":{"line":229,"column":60}}]},"19":{"loc":{"start":{"line":229,"column":28},"end":{"line":229,"column":59}},"type":"binary-expr","locations":[{"start":{"line":229,"column":28},"end":{"line":229,"column":59}},{"start":{"line":229,"column":55},"end":{"line":229,"column":59}}]},"20":{"loc":{"start":{"line":234,"column":21},"end":{"line":234,"column":75}},"type":"cond-expr","locations":[{"start":{"line":234,"column":61},"end":{"line":234,"column":67}},{"start":{"line":234,"column":70},"end":{"line":234,"column":75}}]},"21":{"loc":{"start":{"line":240,"column":4},"end":{"line":242,"column":5}},"type":"if","locations":[{"start":{"line":240,"column":4},"end":{"line":242,"column":5}}]},"22":{"loc":{"start":{"line":240,"column":8},"end":{"line":240,"column":56}},"type":"binary-expr","locations":[{"start":{"line":240,"column":8},"end":{"line":240,"column":15}},{"start":{"line":240,"column":19},"end":{"line":240,"column":56}}]},"23":{"loc":{"start":{"line":244,"column":4},"end":{"line":246,"column":5}},"type":"if","locations":[{"start":{"line":244,"column":4},"end":{"line":246,"column":5}}]},"24":{"loc":{"start":{"line":252,"column":6},"end":{"line":254,"column":7}},"type":"if","locations":[{"start":{"line":252,"column":6},"end":{"line":254,"column":7}}]},"25":{"loc":{"start":{"line":260,"column":8},"end":{"line":260,"column":76}},"type":"if","locations":[{"start":{"line":260,"column":8},"end":{"line":260,"column":76}}]},"26":{"loc":{"start":{"line":284,"column":10},"end":{"line":286,"column":11}},"type":"if","locations":[{"start":{"line":284,"column":10},"end":{"line":286,"column":11}}]},"27":{"loc":{"start":{"line":284,"column":14},"end":{"line":284,"column":100}},"type":"binary-expr","locations":[{"start":{"line":284,"column":14},"end":{"line":284,"column":39}},{"start":{"line":284,"column":43},"end":{"line":284,"column":100}}]},"28":{"loc":{"start":{"line":314,"column":4},"end":{"line":318,"column":5}},"type":"if","locations":[{"start":{"line":314,"column":4},"end":{"line":318,"column":5}},{"start":{"line":316,"column":11},"end":{"line":318,"column":5}}]},"29":{"loc":{"start":{"line":314,"column":8},"end":{"line":314,"column":56}},"type":"binary-expr","locations":[{"start":{"line":314,"column":8},"end":{"line":314,"column":15}},{"start":{"line":314,"column":19},"end":{"line":314,"column":56}}]},"30":{"loc":{"start":{"line":327,"column":6},"end":{"line":329,"column":7}},"type":"if","locations":[{"start":{"line":327,"column":6},"end":{"line":329,"column":7}}]},"31":{"loc":{"start":{"line":339,"column":6},"end":{"line":341,"column":7}},"type":"if","locations":[{"start":{"line":339,"column":6},"end":{"line":341,"column":7}}]},"32":{"loc":{"start":{"line":351,"column":4},"end":{"line":354,"column":5}},"type":"if","locations":[{"start":{"line":351,"column":4},"end":{"line":354,"column":5}}]},"33":{"loc":{"start":{"line":358,"column":11},"end":{"line":358,"column":30}},"type":"cond-expr","locations":[{"start":{"line":358,"column":18},"end":{"line":358,"column":20}},{"start":{"line":358,"column":18},"end":{"line":358,"column":30}}]},"34":{"loc":{"start":{"line":358,"column":11},"end":{"line":358,"column":20}},"type":"binary-expr","locations":[{"start":{"line":358,"column":11},"end":{"line":358,"column":20}},{"start":{"line":358,"column":18},"end":{"line":358,"column":20}}]},"35":{"loc":{"start":{"line":392,"column":2},"end":{"line":394,"column":3}},"type":"if","locations":[{"start":{"line":392,"column":2},"end":{"line":394,"column":3}}]},"36":{"loc":{"start":{"line":396,"column":2},"end":{"line":398,"column":3}},"type":"if","locations":[{"start":{"line":396,"column":2},"end":{"line":398,"column":3}}]},"37":{"loc":{"start":{"line":413,"column":2},"end":{"line":427,"column":3}},"type":"if","locations":[{"start":{"line":413,"column":2},"end":{"line":427,"column":3}},{"start":{"line":415,"column":9},"end":{"line":427,"column":3}}]},"38":{"loc":{"start":{"line":415,"column":9},"end":{"line":427,"column":3}},"type":"if","locations":[{"start":{"line":415,"column":9},"end":{"line":427,"column":3}},{"start":{"line":417,"column":9},"end":{"line":427,"column":3}}]},"39":{"loc":{"start":{"line":417,"column":9},"end":{"line":427,"column":3}},"type":"if","locations":[{"start":{"line":417,"column":9},"end":{"line":427,"column":3}},{"start":{"line":419,"column":9},"end":{"line":427,"column":3}}]},"40":{"loc":{"start":{"line":419,"column":9},"end":{"line":427,"column":3}},"type":"if","locations":[{"start":{"line":419,"column":9},"end":{"line":427,"column":3}},{"start":{"line":421,"column":9},"end":{"line":427,"column":3}}]}},"s":{"0":0,"1":0,"2":0,"3":0,"4":0,"5":0,"6":0,"7":0,"8":0,"9":0,"10":0,"11":0,"12":0,"13":0,"14":0,"15":0,"16":0,"17":0,"18":0,"19":0,"20":0,"21":0,"22":0,"23":0,"24":0,"25":0,"26":0,"27":0,"28":0,"29":0,"30":0,"31":0,"32":0,"33":0,"34":0,"35":0,"36":0,"37":0,"38":0,"39":0,"40":0,"41":0,"42":0,"43":0,"44":0,"45":0,"46":0,"47":0,"48":0,"49":0,"50":0,"51":0,"52":0,"53":0,"54":0,"55":0,"56":0,"57":0,"58":0,"59":0,"60":0,"61":0,"62":0,"63":0,"64":0,"65":0,"66":0,"67":0,"68":0,"69":0,"70":0,"71":0,"72":0,"73":0,"74":0,"75":0,"76":0,"77":0,"78":0,"79":0,"80":0,"81":0,"82":0,"83":0,"84":0,"85":0,"86":0,"87":0,"88":0,"89":0,"90":0,"91":0,"92":0,"93":0,"94":0,"95":0,"96":0,"97":0,"98":0,"99":0,"100":0,"101":0,"102":0,"103":0,"104":0,"105":0,"106":0,"107":0,"108":0,"109":0,"110":0,"111":0,"112":0,"113":0,"114":0,"115":0,"116":0,"117":0,"118":0,"119":0,"120":0,"121":0,"122":0,"123":0,"124":0,"125":0,"126":0,"127":0,"128":0},"f":{"0":0,"1":0,"2":0,"3":0,"4":0,"5":0,"6":0,"7":0,"8":0,"9":0,"10":0,"11":0,"12":0,"13":0,"14":0,"15":0,"16":0,"17":0,"18":0,"19":0,"20":0,"21":0,"22":0,"23":0,"24":0,"25":0,"26":0,"27":0,"28":0},"b":{"0":[0],"1":[0,0],"2":[0,0],"3":[0],"4":[0,0],"5":[0,0],"6":[0],"7":[0,0],"8":[0,0],"9":[0,0],"10":[0,0],"11":[0,0],"12":[0],"13":[0,0],"14":[0,0],"15":[0,0],"16":[0,0],"17":[0,0],"18":[0,0],"19":[0,0],"20":[0,0],"21":[0],"22":[0,0],"23":[0],"24":[0],"25":[0],"26":[0],"27":[0,0],"28":[0,0],"29":[0,0],"30":[0],"31":[0],"32":[0],"33":[0,0],"34":[0,0],"35":[0],"36":[0],"37":[0,0],"38":[0,0],"39":[0,0],"40":[0,0]}}
,"D:\\Ivan Arpino2\\Python\\Unipegaso\\Master\\agriai-groks-garden\\src\\lib\\database.ts": {"path":"D:\\Ivan Arpino2\\Python\\Unipegaso\\Master\\agriai-groks-garden\\src\\lib\\database.ts","statementMap":{"0":{"start":{"line":454,"column":0},"end":{"line":454,"column":22}},"1":{"start":{"line":461,"column":0},"end":{"line":461,"column":22}},"2":{"start":{"line":466,"column":0},"end":{"line":466,"column":22}},"3":{"start":{"line":470,"column":0},"end":{"line":470,"column":22}},"4":{"start":{"line":12,"column":0},"end":{"line":12,"column":45}},"5":{"start":{"line":15,"column":24},"end":{"line":31,"column":null}},"6":{"start":{"line":39,"column":13},"end":{"line":52,"column":null}},"7":{"start":{"line":54,"column":0},"end":{"line":54,"column":null}},"8":{"start":{"line":54,"column":35},"end":{"line":54,"column":null}},"9":{"start":{"line":73,"column":10},"end":{"line":82,"column":null}},"10":{"start":{"line":84,"column":10},"end":{"line":84,"column":null}},"11":{"start":{"line":85,"column":10},"end":{"line":85,"column":null}},"12":{"start":{"line":88,"column":4},"end":{"line":88,"column":null}},"13":{"start":{"line":89,"column":4},"end":{"line":89,"column":null}},"14":{"start":{"line":97,"column":4},"end":{"line":97,"column":null}},"15":{"start":{"line":97,"column":31},"end":{"line":97,"column":62}},"16":{"start":{"line":98,"column":4},"end":{"line":98,"column":null}},"17":{"start":{"line":98,"column":32},"end":{"line":98,"column":64}},"18":{"start":{"line":101,"column":4},"end":{"line":104,"column":null}},"19":{"start":{"line":102,"column":6},"end":{"line":102,"column":null}},"20":{"start":{"line":103,"column":6},"end":{"line":103,"column":null}},"21":{"start":{"line":111,"column":4},"end":{"line":118,"column":null}},"22":{"start":{"line":111,"column":54},"end":{"line":118,"column":7}},"23":{"start":{"line":112,"column":6},"end":{"line":117,"column":7}},"24":{"start":{"line":113,"column":8},"end":{"line":113,"column":null}},"25":{"start":{"line":115,"column":8},"end":{"line":115,"column":null}},"26":{"start":{"line":116,"column":8},"end":{"line":116,"column":null}},"27":{"start":{"line":125,"column":22},"end":{"line":125,"column":32}},"28":{"start":{"line":127,"column":4},"end":{"line":201,"column":5}},"29":{"start":{"line":129,"column":29},"end":{"line":129,"column":56}},"30":{"start":{"line":132,"column":24},"end":{"line":132,"column":52}},"31":{"start":{"line":135,"column":30},"end":{"line":135,"column":58}},"32":{"start":{"line":138,"column":30},"end":{"line":138,"column":58}},"33":{"start":{"line":140,"column":27},"end":{"line":140,"column":49}},"34":{"start":{"line":143,"column":29},"end":{"line":146,"column":62}},"35":{"start":{"line":148,"column":27},"end":{"line":149,"column":77}},"36":{"start":{"line":151,"column":6},"end":{"line":151,"column":null}},"37":{"start":{"line":152,"column":6},"end":{"line":152,"column":null}},"38":{"start":{"line":154,"column":40},"end":{"line":170,"column":null}},"39":{"start":{"line":173,"column":6},"end":{"line":175,"column":7}},"40":{"start":{"line":174,"column":8},"end":{"line":174,"column":null}},"41":{"start":{"line":177,"column":6},"end":{"line":177,"column":null}},"42":{"start":{"line":180,"column":6},"end":{"line":180,"column":null}},"43":{"start":{"line":181,"column":6},"end":{"line":181,"column":null}},"44":{"start":{"line":183,"column":6},"end":{"line":200,"column":null}},"45":{"start":{"line":208,"column":4},"end":{"line":216,"column":5}},"46":{"start":{"line":209,"column":6},"end":{"line":209,"column":null}},"47":{"start":{"line":210,"column":6},"end":{"line":210,"column":null}},"48":{"start":{"line":212,"column":6},"end":{"line":215,"column":null}},"49":{"start":{"line":223,"column":4},"end":{"line":231,"column":5}},"50":{"start":{"line":224,"column":6},"end":{"line":224,"column":null}},"51":{"start":{"line":225,"column":6},"end":{"line":225,"column":null}},"52":{"start":{"line":227,"column":6},"end":{"line":230,"column":null}},"53":{"start":{"line":238,"column":4},"end":{"line":249,"column":5}},"54":{"start":{"line":239,"column":6},"end":{"line":242,"column":null}},"55":{"start":{"line":239,"column":45},"end":{"line":242,"column":8}},"56":{"start":{"line":240,"column":8},"end":{"line":240,"column":null}},"57":{"start":{"line":241,"column":8},"end":{"line":241,"column":null}},"58":{"start":{"line":243,"column":6},"end":{"line":243,"column":null}},"59":{"start":{"line":245,"column":6},"end":{"line":248,"column":null}},"60":{"start":{"line":256,"column":22},"end":{"line":256,"column":32}},"61":{"start":{"line":258,"column":4},"end":{"line":276,"column":5}},"62":{"start":{"line":260,"column":6},"end":{"line":260,"column":null}},"63":{"start":{"line":262,"column":27},"end":{"line":262,"column":49}},"64":{"start":{"line":263,"column":22},"end":{"line":263,"column":41}},"65":{"start":{"line":265,"column":6},"end":{"line":268,"column":null}},"66":{"start":{"line":271,"column":6},"end":{"line":275,"column":null}},"67":{"start":{"line":283,"column":4},"end":{"line":288,"column":5}},"68":{"start":{"line":284,"column":21},"end":{"line":284,"column":89}},"69":{"start":{"line":285,"column":6},"end":{"line":285,"column":null}},"70":{"start":{"line":287,"column":6},"end":{"line":287,"column":null}},"71":{"start":{"line":295,"column":4},"end":{"line":304,"column":5}},"72":{"start":{"line":296,"column":21},"end":{"line":300,"column":null}},"73":{"start":{"line":301,"column":6},"end":{"line":301,"column":null}},"74":{"start":{"line":303,"column":6},"end":{"line":303,"column":null}},"75":{"start":{"line":311,"column":4},"end":{"line":315,"column":null}},"76":{"start":{"line":318,"column":4},"end":{"line":320,"column":5}},"77":{"start":{"line":319,"column":6},"end":{"line":319,"column":null}},"78":{"start":{"line":327,"column":4},"end":{"line":329,"column":null}},"79":{"start":{"line":337,"column":4},"end":{"line":337,"column":35}},"80":{"start":{"line":337,"column":29},"end":{"line":337,"column":35}},"81":{"start":{"line":339,"column":4},"end":{"line":339,"column":null}},"82":{"start":{"line":340,"column":4},"end":{"line":340,"column":null}},"83":{"start":{"line":342,"column":4},"end":{"line":356,"column":5}},"84":{"start":{"line":344,"column":6},"end":{"line":346,"column":7}},"85":{"start":{"line":345,"column":8},"end":{"line":345,"column":null}},"86":{"start":{"line":349,"column":6},"end":{"line":349,"column":null}},"87":{"start":{"line":351,"column":6},"end":{"line":351,"column":null}},"88":{"start":{"line":352,"column":6},"end":{"line":352,"column":null}},"89":{"start":{"line":354,"column":6},"end":{"line":354,"column":null}},"90":{"start":{"line":355,"column":6},"end":{"line":355,"column":null}},"91":{"start":{"line":362,"column":21},"end":{"line":385,"column":null}},"92":{"start":{"line":363,"column":34},"end":{"line":363,"column":38}},"93":{"start":{"line":365,"column":4},"end":{"line":382,"column":5}},"94":{"start":{"line":365,"column":23},"end":{"line":365,"column":24}},"95":{"start":{"line":366,"column":6},"end":{"line":381,"column":7}},"96":{"start":{"line":367,"column":8},"end":{"line":367,"column":null}},"97":{"start":{"line":369,"column":8},"end":{"line":369,"column":null}},"98":{"start":{"line":371,"column":8},"end":{"line":374,"column":9}},"99":{"start":{"line":372,"column":10},"end":{"line":372,"column":null}},"100":{"start":{"line":373,"column":10},"end":{"line":373,"column":null}},"101":{"start":{"line":376,"column":8},"end":{"line":376,"column":null}},"102":{"start":{"line":379,"column":22},"end":{"line":379,"column":75}},"103":{"start":{"line":380,"column":8},"end":{"line":380,"column":null}},"104":{"start":{"line":380,"column":37},"end":{"line":380,"column":63}},"105":{"start":{"line":384,"column":4},"end":{"line":384,"column":null}},"106":{"start":{"line":391,"column":24},"end":{"line":391,"column":55}},"107":{"start":{"line":393,"column":4},"end":{"line":402,"column":null}},"108":{"start":{"line":451,"column":13},"end":{"line":451,"column":null}},"109":{"start":{"line":455,"column":2},"end":{"line":458,"column":null}},"110":{"start":{"line":455,"column":45},"end":{"line":458,"column":5}},"111":{"start":{"line":456,"column":4},"end":{"line":456,"column":null}},"112":{"start":{"line":457,"column":4},"end":{"line":457,"column":null}},"113":{"start":{"line":462,"column":2},"end":{"line":462,"column":null}},"114":{"start":{"line":463,"column":2},"end":{"line":463,"column":null}},"115":{"start":{"line":467,"column":2},"end":{"line":467,"column":null}},"116":{"start":{"line":471,"column":2},"end":{"line":471,"column":null}},"117":{"start":{"line":478,"column":0},"end":{"line":485,"column":null}}},"fnMap":{"0":{"name":"(anonymous_7)","decl":{"start":{"line":87,"column":2},"end":{"line":87,"column":null}},"loc":{"start":{"line":87,"column":2},"end":{"line":90,"column":3}}},"1":{"name":"(anonymous_8)","decl":{"start":{"line":95,"column":10},"end":{"line":95,"column":28}},"loc":{"start":{"line":95,"column":28},"end":{"line":105,"column":3}}},"2":{"name":"(anonymous_9)","decl":{"start":{"line":97,"column":25},"end":{"line":97,"column":28}},"loc":{"start":{"line":97,"column":31},"end":{"line":97,"column":62}}},"3":{"name":"(anonymous_10)","decl":{"start":{"line":98,"column":26},"end":{"line":98,"column":29}},"loc":{"start":{"line":98,"column":32},"end":{"line":98,"column":64}}},"4":{"name":"(anonymous_11)","decl":{"start":{"line":101,"column":37},"end":{"line":101,"column":38}},"loc":{"start":{"line":101,"column":47},"end":{"line":104,"column":5}}},"5":{"name":"(anonymous_12)","decl":{"start":{"line":110,"column":10},"end":{"line":110,"column":30}},"loc":{"start":{"line":110,"column":30},"end":{"line":119,"column":3}}},"6":{"name":"(anonymous_13)","decl":{"start":{"line":111,"column":43},"end":{"line":111,"column":52}},"loc":{"start":{"line":111,"column":54},"end":{"line":118,"column":7}}},"7":{"name":"(anonymous_14)","decl":{"start":{"line":111,"column":54},"end":{"line":111,"column":null}},"loc":{"start":{"line":111,"column":54},"end":{"line":118,"column":5}}},"8":{"name":"(anonymous_15)","decl":{"start":{"line":124,"column":8},"end":{"line":124,"column":26}},"loc":{"start":{"line":124,"column":26},"end":{"line":202,"column":null}}},"9":{"name":"(anonymous_17)","decl":{"start":{"line":207,"column":16},"end":{"line":207,"column":30}},"loc":{"start":{"line":207,"column":30},"end":{"line":217,"column":null}}},"10":{"name":"(anonymous_19)","decl":{"start":{"line":222,"column":16},"end":{"line":222,"column":31}},"loc":{"start":{"line":222,"column":31},"end":{"line":232,"column":null}}},"11":{"name":"(anonymous_21)","decl":{"start":{"line":237,"column":16},"end":{"line":237,"column":31}},"loc":{"start":{"line":237,"column":31},"end":{"line":250,"column":null}}},"12":{"name":"(anonymous_23)","decl":{"start":{"line":239,"column":32},"end":{"line":239,"column":39}},"loc":{"start":{"line":239,"column":45},"end":{"line":242,"column":8}}},"13":{"name":"(anonymous_24)","decl":{"start":{"line":239,"column":45},"end":{"line":239,"column":null}},"loc":{"start":{"line":239,"column":45},"end":{"line":242,"column":7}}},"14":{"name":"(anonymous_25)","decl":{"start":{"line":255,"column":16},"end":{"line":255,"column":31}},"loc":{"start":{"line":255,"column":31},"end":{"line":277,"column":null}}},"15":{"name":"(anonymous_27)","decl":{"start":{"line":282,"column":16},"end":{"line":282,"column":34}},"loc":{"start":{"line":282,"column":34},"end":{"line":289,"column":null}}},"16":{"name":"(anonymous_29)","decl":{"start":{"line":294,"column":16},"end":{"line":294,"column":36}},"loc":{"start":{"line":294,"column":36},"end":{"line":305,"column":null}}},"17":{"name":"(anonymous_31)","decl":{"start":{"line":310,"column":10},"end":{"line":310,"column":21}},"loc":{"start":{"line":310,"column":51},"end":{"line":321,"column":3}}},"18":{"name":"(anonymous_32)","decl":{"start":{"line":326,"column":2},"end":{"line":326,"column":12}},"loc":{"start":{"line":326,"column":12},"end":{"line":331,"column":3}}},"19":{"name":"(anonymous_33)","decl":{"start":{"line":336,"column":8},"end":{"line":336,"column":24}},"loc":{"start":{"line":336,"column":39},"end":{"line":357,"column":null}}},"20":{"name":"(anonymous_35)","decl":{"start":{"line":362,"column":8},"end":{"line":362,"column":17}},"loc":{"start":{"line":362,"column":17},"end":{"line":385,"column":null}}},"21":{"name":"(anonymous_36)","decl":{"start":{"line":362,"column":21},"end":{"line":362,"column":48}},"loc":{"start":{"line":362,"column":86},"end":{"line":385,"column":3}}},"22":{"name":"(anonymous_37)","decl":{"start":{"line":380,"column":26},"end":{"line":380,"column":33}},"loc":{"start":{"line":380,"column":37},"end":{"line":380,"column":63}}},"23":{"name":"(anonymous_38)","decl":{"start":{"line":390,"column":8},"end":{"line":390,"column":25}},"loc":{"start":{"line":390,"column":25},"end":{"line":403,"column":null}}},"24":{"name":"connectDatabase","decl":{"start":{"line":454,"column":22},"end":{"line":454,"column":37}},"loc":{"start":{"line":454,"column":37},"end":{"line":459,"column":null}}},"25":{"name":"(anonymous_42)","decl":{"start":{"line":455,"column":34},"end":{"line":455,"column":43}},"loc":{"start":{"line":455,"column":45},"end":{"line":458,"column":5}}},"26":{"name":"(anonymous_43)","decl":{"start":{"line":455,"column":45},"end":{"line":455,"column":null}},"loc":{"start":{"line":455,"column":45},"end":{"line":458,"column":3}}},"27":{"name":"disconnectDatabase","decl":{"start":{"line":461,"column":22},"end":{"line":461,"column":40}},"loc":{"start":{"line":461,"column":40},"end":{"line":464,"column":null}}},"28":{"name":"healthCheck","decl":{"start":{"line":466,"column":22},"end":{"line":466,"column":33}},"loc":{"start":{"line":466,"column":33},"end":{"line":468,"column":null}}},"29":{"name":"getDatabaseMetrics","decl":{"start":{"line":470,"column":22},"end":{"line":470,"column":40}},"loc":{"start":{"line":470,"column":40},"end":{"line":472,"column":null}}}},"branchMap":{"0":{"loc":{"start":{"line":17,"column":28},"end":{"line":17,"column":67}},"type":"binary-expr","locations":[{"start":{"line":17,"column":28},"end":{"line":17,"column":59}},{"start":{"line":17,"column":63},"end":{"line":17,"column":67}}]},"1":{"loc":{"start":{"line":18,"column":24},"end":{"line":18,"column":62}},"type":"binary-expr","locations":[{"start":{"line":18,"column":24},"end":{"line":18,"column":51}},{"start":{"line":18,"column":55},"end":{"line":18,"column":62}}]},"2":{"loc":{"start":{"line":19,"column":29},"end":{"line":19,"column":72}},"type":"binary-expr","locations":[{"start":{"line":19,"column":29},"end":{"line":19,"column":61}},{"start":{"line":19,"column":65},"end":{"line":19,"column":72}}]},"3":{"loc":{"start":{"line":22,"column":23},"end":{"line":22,"column":56}},"type":"binary-expr","locations":[{"start":{"line":22,"column":23},"end":{"line":22,"column":49}},{"start":{"line":22,"column":53},"end":{"line":22,"column":56}}]},"4":{"loc":{"start":{"line":23,"column":23},"end":{"line":23,"column":59}},"type":"binary-expr","locations":[{"start":{"line":23,"column":23},"end":{"line":23,"column":49}},{"start":{"line":23,"column":53},"end":{"line":23,"column":59}}]},"5":{"loc":{"start":{"line":26,"column":32},"end":{"line":26,"column":79}},"type":"binary-expr","locations":[{"start":{"line":26,"column":32},"end":{"line":26,"column":68}},{"start":{"line":26,"column":72},"end":{"line":26,"column":79}}]},"6":{"loc":{"start":{"line":39,"column":22},"end":{"line":52,"column":4}},"type":"cond-expr","locations":[{"start":{"line":39,"column":41},"end":{"line":39,"column":null}},{"start":{"line":40,"column":2},"end":{"line":52,"column":4}}]},"7":{"loc":{"start":{"line":39,"column":22},"end":{"line":39,"column":null}},"type":"binary-expr","locations":[{"start":{"line":39,"column":22},"end":{"line":39,"column":null}},{"start":{"line":39,"column":41},"end":{"line":39,"column":null}}]},"8":{"loc":{"start":{"line":41,"column":9},"end":{"line":43,"column":25}},"type":"cond-expr","locations":[{"start":{"line":42,"column":8},"end":{"line":42,"column":42}},{"start":{"line":43,"column":8},"end":{"line":43,"column":25}}]},"9":{"loc":{"start":{"line":45,"column":17},"end":{"line":45,"column":69}},"type":"cond-expr","locations":[{"start":{"line":45,"column":49},"end":{"line":45,"column":57}},{"start":{"line":45,"column":60},"end":{"line":45,"column":69}}]},"10":{"loc":{"start":{"line":54,"column":0},"end":{"line":54,"column":null}},"type":"if","locations":[{"start":{"line":54,"column":0},"end":{"line":54,"column":null}}]},"11":{"loc":{"start":{"line":143,"column":29},"end":{"line":146,"column":62}},"type":"binary-expr","locations":[{"start":{"line":143,"column":29},"end":{"line":143,"column":51}},{"start":{"line":144,"column":27},"end":{"line":144,"column":44}},{"start":{"line":145,"column":27},"end":{"line":145,"column":50}},{"start":{"line":146,"column":27},"end":{"line":146,"column":62}}]},"12":{"loc":{"start":{"line":148,"column":27},"end":{"line":149,"column":77}},"type":"cond-expr","locations":[{"start":{"line":148,"column":44},"end":{"line":148,"column":53}},{"start":{"line":149,"column":27},"end":{"line":149,"column":76}}]},"13":{"loc":{"start":{"line":149,"column":27},"end":{"line":149,"column":76}},"type":"cond-expr","locations":[{"start":{"line":149,"column":52},"end":{"line":149,"column":62}},{"start":{"line":149,"column":65},"end":{"line":149,"column":76}}]},"14":{"loc":{"start":{"line":173,"column":6},"end":{"line":175,"column":7}},"type":"if","locations":[{"start":{"line":173,"column":6},"end":{"line":175,"column":7}}]},"15":{"loc":{"start":{"line":187,"column":15},"end":{"line":187,"column":71}},"type":"cond-expr","locations":[{"start":{"line":187,"column":40},"end":{"line":187,"column":53}},{"start":{"line":187,"column":56},"end":{"line":187,"column":71}}]},"16":{"loc":{"start":{"line":194,"column":47},"end":{"line":194,"column":103}},"type":"cond-expr","locations":[{"start":{"line":194,"column":72},"end":{"line":194,"column":85}},{"start":{"line":194,"column":88},"end":{"line":194,"column":103}}]},"17":{"loc":{"start":{"line":214,"column":15},"end":{"line":214,"column":75}},"type":"cond-expr","locations":[{"start":{"line":214,"column":40},"end":{"line":214,"column":53}},{"start":{"line":214,"column":56},"end":{"line":214,"column":75}}]},"18":{"loc":{"start":{"line":229,"column":15},"end":{"line":229,"column":70}},"type":"cond-expr","locations":[{"start":{"line":229,"column":40},"end":{"line":229,"column":53}},{"start":{"line":229,"column":56},"end":{"line":229,"column":70}}]},"19":{"loc":{"start":{"line":247,"column":15},"end":{"line":247,"column":76}},"type":"cond-expr","locations":[{"start":{"line":247,"column":40},"end":{"line":247,"column":53}},{"start":{"line":247,"column":56},"end":{"line":247,"column":76}}]},"20":{"loc":{"start":{"line":268,"column":12},"end":{"line":268,"column":54}},"type":"cond-expr","locations":[{"start":{"line":268,"column":22},"end":{"line":268,"column":24}},{"start":{"line":268,"column":27},"end":{"line":268,"column":54}}]},"21":{"loc":{"start":{"line":274,"column":15},"end":{"line":274,"column":81}},"type":"cond-expr","locations":[{"start":{"line":274,"column":40},"end":{"line":274,"column":53}},{"start":{"line":274,"column":56},"end":{"line":274,"column":81}}]},"22":{"loc":{"start":{"line":285,"column":13},"end":{"line":285,"column":39}},"type":"binary-expr","locations":[{"start":{"line":285,"column":13},"end":{"line":285,"column":31}},{"start":{"line":285,"column":35},"end":{"line":285,"column":39}}]},"23":{"loc":{"start":{"line":285,"column":13},"end":{"line":285,"column":31}},"type":"cond-expr","locations":[{"start":{"line":285,"column":22},"end":{"line":285,"column":24}},{"start":{"line":285,"column":22},"end":{"line":285,"column":31}}]},"24":{"loc":{"start":{"line":285,"column":13},"end":{"line":285,"column":24}},"type":"binary-expr","locations":[{"start":{"line":285,"column":13},"end":{"line":285,"column":24}},{"start":{"line":285,"column":22},"end":{"line":285,"column":24}}]},"25":{"loc":{"start":{"line":301,"column":20},"end":{"line":301,"column":41}},"type":"binary-expr","locations":[{"start":{"line":301,"column":20},"end":{"line":301,"column":36}},{"start":{"line":301,"column":40},"end":{"line":301,"column":41}}]},"26":{"loc":{"start":{"line":301,"column":20},"end":{"line":301,"column":36}},"type":"cond-expr","locations":[{"start":{"line":301,"column":29},"end":{"line":301,"column":31}},{"start":{"line":301,"column":29},"end":{"line":301,"column":36}}]},"27":{"loc":{"start":{"line":301,"column":20},"end":{"line":301,"column":31}},"type":"binary-expr","locations":[{"start":{"line":301,"column":20},"end":{"line":301,"column":31}},{"start":{"line":301,"column":29},"end":{"line":301,"column":31}}]},"28":{"loc":{"start":{"line":313,"column":13},"end":{"line":313,"column":67}},"type":"cond-expr","locations":[{"start":{"line":313,"column":38},"end":{"line":313,"column":51}},{"start":{"line":313,"column":54},"end":{"line":313,"column":67}}]},"29":{"loc":{"start":{"line":318,"column":4},"end":{"line":320,"column":5}},"type":"if","locations":[{"start":{"line":318,"column":4},"end":{"line":320,"column":5}}]},"30":{"loc":{"start":{"line":337,"column":4},"end":{"line":337,"column":35}},"type":"if","locations":[{"start":{"line":337,"column":4},"end":{"line":337,"column":35}}]},"31":{"loc":{"start":{"line":344,"column":6},"end":{"line":346,"column":7}},"type":"if","locations":[{"start":{"line":344,"column":6},"end":{"line":346,"column":7}}]},"32":{"loc":{"start":{"line":362,"column":50},"end":{"line":362,"column":86}},"type":"default-arg","locations":[{"start":{"line":362,"column":66},"end":{"line":362,"column":86}}]},"33":{"loc":{"start":{"line":369,"column":20},"end":{"line":369,"column":77}},"type":"cond-expr","locations":[{"start":{"line":369,"column":45},"end":{"line":369,"column":50}},{"start":{"line":369,"column":53},"end":{"line":369,"column":77}}]},"34":{"loc":{"start":{"line":371,"column":8},"end":{"line":374,"column":9}},"type":"if","locations":[{"start":{"line":371,"column":8},"end":{"line":374,"column":9}}]},"35":{"loc":{"start":{"line":397,"column":15},"end":{"line":397,"column":57}},"type":"binary-expr","locations":[{"start":{"line":397,"column":15},"end":{"line":397,"column":46}},{"start":{"line":397,"column":50},"end":{"line":397,"column":57}}]},"36":{"loc":{"start":{"line":398,"column":19},"end":{"line":398,"column":56}},"type":"binary-expr","locations":[{"start":{"line":398,"column":19},"end":{"line":398,"column":39}},{"start":{"line":398,"column":43},"end":{"line":398,"column":56}}]}},"s":{"0":0,"1":0,"2":0,"3":0,"4":0,"5":0,"6":0,"7":0,"8":0,"9":0,"10":0,"11":0,"12":0,"13":0,"14":0,"15":0,"16":0,"17":0,"18":0,"19":0,"20":0,"21":0,"22":0,"23":0,"24":0,"25":0,"26":0,"27":0,"28":0,"29":0,"30":0,"31":0,"32":0,"33":0,"34":0,"35":0,"36":0,"37":0,"38":0,"39":0,"40":0,"41":0,"42":0,"43":0,"44":0,"45":0,"46":0,"47":0,"48":0,"49":0,"50":0,"51":0,"52":0,"53":0,"54":0,"55":0,"56":0,"57":0,"58":0,"59":0,"60":0,"61":0,"62":0,"63":0,"64":0,"65":0,"66":0,"67":0,"68":0,"69":0,"70":0,"71":0,"72":0,"73":0,"74":0,"75":0,"76":0,"77":0,"78":0,"79":0,"80":0,"81":0,"82":0,"83":0,"84":0,"85":0,"86":0,"87":0,"88":0,"89":0,"90":0,"91":0,"92":0,"93":0,"94":0,"95":0,"96":0,"97":0,"98":0,"99":0,"100":0,"101":0,"102":0,"103":0,"104":0,"105":0,"106":0,"107":0,"108":0,"109":0,"110":0,"111":0,"112":0,"113":0,"114":0,"115":0,"116":0,"117":0},"f":{"0":0,"1":0,"2":0,"3":0,"4":0,"5":0,"6":0,"7":0,"8":0,"9":0,"10":0,"11":0,"12":0,"13":0,"14":0,"15":0,"16":0,"17":0,"18":0,"19":0,"20":0,"21":0,"22":0,"23":0,"24":0,"25":0,"26":0,"27":0,"28":0,"29":0},"b":{"0":[0,0],"1":[0,0],"2":[0,0],"3":[0,0],"4":[0,0],"5":[0,0],"6":[0,0],"7":[0,0],"8":[0,0],"9":[0,0],"10":[0],"11":[0,0,0,0],"12":[0,0],"13":[0,0],"14":[0],"15":[0,0],"16":[0,0],"17":[0,0],"18":[0,0],"19":[0,0],"20":[0,0],"21":[0,0],"22":[0,0],"23":[0,0],"24":[0,0],"25":[0,0],"26":[0,0],"27":[0,0],"28":[0,0],"29":[0],"30":[0],"31":[0],"32":[0],"33":[0,0],"34":[0],"35":[0,0],"36":[0,0]}}
,"D:\\Ivan Arpino2\\Python\\Unipegaso\\Master\\agriai-groks-garden\\src\\lib\\utils.ts": {"path":"D:\\Ivan Arpino2\\Python\\Unipegaso\\Master\\agriai-groks-garden\\src\\lib\\utils.ts","statementMap":{"0":{"start":{"line":4,"column":0},"end":{"line":4,"column":16}},"1":{"start":{"line":9,"column":0},"end":{"line":9,"column":16}},"2":{"start":{"line":35,"column":0},"end":{"line":35,"column":16}},"3":{"start":{"line":40,"column":0},"end":{"line":40,"column":16}},"4":{"start":{"line":50,"column":0},"end":{"line":50,"column":16}},"5":{"start":{"line":72,"column":0},"end":{"line":72,"column":16}},"6":{"start":{"line":103,"column":0},"end":{"line":103,"column":16}},"7":{"start":{"line":135,"column":0},"end":{"line":135,"column":16}},"8":{"start":{"line":140,"column":0},"end":{"line":140,"column":16}},"9":{"start":{"line":149,"column":0},"end":{"line":149,"column":16}},"10":{"start":{"line":160,"column":0},"end":{"line":160,"column":16}},"11":{"start":{"line":178,"column":0},"end":{"line":178,"column":16}},"12":{"start":{"line":1,"column":0},"end":{"line":1,"column":44}},"13":{"start":{"line":2,"column":0},"end":{"line":2,"column":40}},"14":{"start":{"line":5,"column":2},"end":{"line":5,"column":null}},"15":{"start":{"line":10,"column":2},"end":{"line":12,"column":3}},"16":{"start":{"line":11,"column":4},"end":{"line":11,"column":57}},"17":{"start":{"line":14,"column":19},"end":{"line":14,"column":20}},"18":{"start":{"line":15,"column":14},"end":{"line":15,"column":15}},"19":{"start":{"line":16,"column":14},"end":{"line":16,"column":15}},"20":{"start":{"line":18,"column":2},"end":{"line":22,"column":3}},"21":{"start":{"line":18,"column":15},"end":{"line":18,"column":16}},"22":{"start":{"line":19,"column":4},"end":{"line":19,"column":30}},"23":{"start":{"line":20,"column":4},"end":{"line":20,"column":25}},"24":{"start":{"line":21,"column":4},"end":{"line":21,"column":25}},"25":{"start":{"line":24,"column":2},"end":{"line":24,"column":27}},"26":{"start":{"line":25,"column":2},"end":{"line":25,"column":27}},"27":{"start":{"line":27,"column":2},"end":{"line":29,"column":3}},"28":{"start":{"line":28,"column":4},"end":{"line":28,"column":13}},"29":{"start":{"line":31,"column":21},"end":{"line":31,"column":49}},"30":{"start":{"line":32,"column":2},"end":{"line":32,"column":24}},"31":{"start":{"line":36,"column":2},"end":{"line":36,"column":34}},"32":{"start":{"line":41,"column":2},"end":{"line":47,"column":12}},"33":{"start":{"line":51,"column":21},"end":{"line":51,"column":40}},"34":{"start":{"line":52,"column":16},"end":{"line":52,"column":37}},"35":{"start":{"line":55,"column":20},"end":{"line":64,"column":4}},"36":{"start":{"line":66,"column":2},"end":{"line":68,"column":67}},"37":{"start":{"line":67,"column":20},"end":{"line":67,"column":68}},"38":{"start":{"line":68,"column":36},"end":{"line":68,"column":65}},"39":{"start":{"line":73,"column":2},"end":{"line":75,"column":3}},"40":{"start":{"line":74,"column":4},"end":{"line":74,"column":18}},"41":{"start":{"line":77,"column":27},"end":{"line":77,"column":29}},"42":{"start":{"line":78,"column":14},"end":{"line":78,"column":15}},"43":{"start":{"line":80,"column":2},"end":{"line":97,"column":3}},"44":{"start":{"line":81,"column":14},"end":{"line":81,"column":31}},"45":{"start":{"line":84,"column":4},"end":{"line":93,"column":5}},"46":{"start":{"line":85,"column":26},"end":{"line":85,"column":52}},"47":{"start":{"line":86,"column":27},"end":{"line":86,"column":54}},"48":{"start":{"line":88,"column":6},"end":{"line":92,"column":7}},"49":{"start":{"line":89,"column":8},"end":{"line":89,"column":30}},"50":{"start":{"line":90,"column":13},"end":{"line":92,"column":7}},"51":{"start":{"line":91,"column":8},"end":{"line":91,"column":31}},"52":{"start":{"line":95,"column":4},"end":{"line":95,"column":47}},"53":{"start":{"line":96,"column":4},"end":{"line":96,"column":65}},"54":{"start":{"line":99,"column":2},"end":{"line":99,"column":16}},"55":{"start":{"line":104,"column":21},"end":{"line":104,"column":40}},"56":{"start":{"line":106,"column":24},"end":{"line":115,"column":4}},"57":{"start":{"line":117,"column":18},"end":{"line":117,"column":28}},"58":{"start":{"line":118,"column":17},"end":{"line":118,"column":18}},"59":{"start":{"line":120,"column":2},"end":{"line":129,"column":3}},"60":{"start":{"line":121,"column":18},"end":{"line":123,"column":9}},"61":{"start":{"line":122,"column":6},"end":{"line":122,"column":58}},"62":{"start":{"line":125,"column":4},"end":{"line":128,"column":5}},"63":{"start":{"line":126,"column":6},"end":{"line":126,"column":23}},"64":{"start":{"line":127,"column":6},"end":{"line":127,"column":24}},"65":{"start":{"line":131,"column":2},"end":{"line":131,"column":19}},"66":{"start":{"line":136,"column":20},"end":{"line":136,"column":96}},"67":{"start":{"line":137,"column":2},"end":{"line":137,"column":30}},"68":{"start":{"line":141,"column":2},"end":{"line":146,"column":12}},"69":{"start":{"line":150,"column":2},"end":{"line":150,"column":36}},"70":{"start":{"line":150,"column":19},"end":{"line":150,"column":36}},"71":{"start":{"line":152,"column":12},"end":{"line":152,"column":16}},"72":{"start":{"line":153,"column":16},"end":{"line":153,"column":49}},"73":{"start":{"line":154,"column":12},"end":{"line":154,"column":53}},"74":{"start":{"line":156,"column":2},"end":{"line":156,"column":74}},"75":{"start":{"line":161,"column":16},"end":{"line":161,"column":39}},"76":{"start":{"line":163,"column":2},"end":{"line":174,"column":4}},"77":{"start":{"line":165,"column":18},"end":{"line":165,"column":41}},"78":{"start":{"line":166,"column":6},"end":{"line":166,"column":43}},"79":{"start":{"line":170,"column":18},"end":{"line":170,"column":41}},"80":{"start":{"line":171,"column":22},"end":{"line":171,"column":51}},"81":{"start":{"line":172,"column":6},"end":{"line":172,"column":21}},"82":{"start":{"line":179,"column":19},"end":{"line":179,"column":46}},"83":{"start":{"line":181,"column":2},"end":{"line":208,"column":4}},"84":{"start":{"line":183,"column":18},"end":{"line":183,"column":28}},"85":{"start":{"line":184,"column":27},"end":{"line":184,"column":57}},"86":{"start":{"line":187,"column":28},"end":{"line":187,"column":78}},"87":{"start":{"line":187,"column":56},"end":{"line":187,"column":77}},"88":{"start":{"line":189,"column":6},"end":{"line":191,"column":7}},"89":{"start":{"line":190,"column":8},"end":{"line":190,"column":21}},"90":{"start":{"line":193,"column":6},"end":{"line":193,"column":30}},"91":{"start":{"line":194,"column":6},"end":{"line":194,"column":46}},"92":{"start":{"line":195,"column":6},"end":{"line":195,"column":18}},"93":{"start":{"line":199,"column":6},"end":{"line":199,"column":34}},"94":{"start":{"line":203,"column":27},"end":{"line":203,"column":57}},"95":{"start":{"line":204,"column":18},"end":{"line":204,"column":28}},"96":{"start":{"line":205,"column":28},"end":{"line":205,"column":78}},"97":{"start":{"line":205,"column":56},"end":{"line":205,"column":77}},"98":{"start":{"line":206,"column":6},"end":{"line":206,"column":61}}},"fnMap":{"0":{"name":"cn","decl":{"start":{"line":4,"column":16},"end":{"line":4,"column":18}},"loc":{"start":{"line":4,"column":42},"end":{"line":6,"column":1}}},"1":{"name":"cosineDistance","decl":{"start":{"line":9,"column":16},"end":{"line":9,"column":30}},"loc":{"start":{"line":9,"column":55},"end":{"line":33,"column":1}}},"2":{"name":"cosineSimilarity","decl":{"start":{"line":35,"column":16},"end":{"line":35,"column":32}},"loc":{"start":{"line":35,"column":57},"end":{"line":37,"column":1}}},"3":{"name":"normalizeText","decl":{"start":{"line":40,"column":16},"end":{"line":40,"column":29}},"loc":{"start":{"line":40,"column":42},"end":{"line":48,"column":1}}},"4":{"name":"extractKeywords","decl":{"start":{"line":50,"column":16},"end":{"line":50,"column":31}},"loc":{"start":{"line":50,"column":67},"end":{"line":69,"column":1}}},"5":{"name":"(anonymous_5)","decl":{"start":{"line":67,"column":12},"end":{"line":67,"column":16}},"loc":{"start":{"line":67,"column":20},"end":{"line":67,"column":68}}},"6":{"name":"(anonymous_6)","decl":{"start":{"line":68,"column":12},"end":{"line":68,"column":13}},"loc":{"start":{"line":68,"column":36},"end":{"line":68,"column":65}}},"7":{"name":"chunkText","decl":{"start":{"line":72,"column":16},"end":{"line":72,"column":25}},"loc":{"start":{"line":72,"column":87},"end":{"line":100,"column":1}}},"8":{"name":"classifyAgriculturalTopic","decl":{"start":{"line":103,"column":16},"end":{"line":103,"column":41}},"loc":{"start":{"line":103,"column":54},"end":{"line":132,"column":1}}},"9":{"name":"(anonymous_9)","decl":{"start":{"line":121,"column":34},"end":{"line":121,"column":35}},"loc":{"start":{"line":121,"column":51},"end":{"line":123,"column":5}}},"10":{"name":"validateUUID","decl":{"start":{"line":135,"column":16},"end":{"line":135,"column":28}},"loc":{"start":{"line":135,"column":41},"end":{"line":138,"column":1}}},"11":{"name":"sanitizeInput","decl":{"start":{"line":140,"column":16},"end":{"line":140,"column":29}},"loc":{"start":{"line":140,"column":43},"end":{"line":147,"column":1}}},"12":{"name":"formatFileSize","decl":{"start":{"line":149,"column":16},"end":{"line":149,"column":30}},"loc":{"start":{"line":149,"column":44},"end":{"line":157,"column":1}}},"13":{"name":"createPerformanceTimer","decl":{"start":{"line":160,"column":16},"end":{"line":160,"column":38}},"loc":{"start":{"line":160,"column":38},"end":{"line":175,"column":1}}},"14":{"name":"(anonymous_14)","decl":{"start":{"line":164,"column":13},"end":{"line":164,"column":16}},"loc":{"start":{"line":164,"column":18},"end":{"line":167,"column":5}}},"15":{"name":"(anonymous_15)","decl":{"start":{"line":169,"column":9},"end":{"line":169,"column":12}},"loc":{"start":{"line":169,"column":14},"end":{"line":173,"column":5}}},"16":{"name":"createRateLimiter","decl":{"start":{"line":178,"column":16},"end":{"line":178,"column":33}},"loc":{"start":{"line":178,"column":71},"end":{"line":209,"column":1}}},"17":{"name":"(anonymous_17)","decl":{"start":{"line":182,"column":15},"end":{"line":182,"column":16}},"loc":{"start":{"line":182,"column":47},"end":{"line":196,"column":5}}},"18":{"name":"(anonymous_18)","decl":{"start":{"line":187,"column":48},"end":{"line":187,"column":52}},"loc":{"start":{"line":187,"column":56},"end":{"line":187,"column":77}}},"19":{"name":"(anonymous_19)","decl":{"start":{"line":198,"column":11},"end":{"line":198,"column":12}},"loc":{"start":{"line":198,"column":34},"end":{"line":200,"column":5}}},"20":{"name":"(anonymous_20)","decl":{"start":{"line":202,"column":26},"end":{"line":202,"column":27}},"loc":{"start":{"line":202,"column":57},"end":{"line":207,"column":5}}},"21":{"name":"(anonymous_21)","decl":{"start":{"line":205,"column":48},"end":{"line":205,"column":52}},"loc":{"start":{"line":205,"column":56},"end":{"line":205,"column":77}}}},"branchMap":{"0":{"loc":{"start":{"line":10,"column":2},"end":{"line":12,"column":3}},"type":"if","locations":[{"start":{"line":10,"column":2},"end":{"line":12,"column":3}}]},"1":{"loc":{"start":{"line":27,"column":2},"end":{"line":29,"column":3}},"type":"if","locations":[{"start":{"line":27,"column":2},"end":{"line":29,"column":3}}]},"2":{"loc":{"start":{"line":27,"column":6},"end":{"line":27,"column":32}},"type":"binary-expr","locations":[{"start":{"line":27,"column":6},"end":{"line":27,"column":17}},{"start":{"line":27,"column":21},"end":{"line":27,"column":32}}]},"3":{"loc":{"start":{"line":50,"column":46},"end":{"line":50,"column":67}},"type":"default-arg","locations":[{"start":{"line":50,"column":66},"end":{"line":50,"column":67}}]},"4":{"loc":{"start":{"line":67,"column":20},"end":{"line":67,"column":68}},"type":"binary-expr","locations":[{"start":{"line":67,"column":20}
[...]
6},"end":{"line":222,"column":19}},"78":{"start":{"line":225,"column":4},"end":{"line":234,"column":5}},"79":{"start":{"line":226,"column":6},"end":{"line":229,"column":10}},"80":{"start":{"line":230,"column":6},"end":{"line":230,"column":18}},"81":{"start":{"line":232,"column":6},"end":{"line":232,"column":72}},"82":{"start":{"line":233,"column":6},"end":{"line":233,"column":19}},"83":{"start":{"line":238,"column":20},"end":{"line":238,"column":62}},"84":{"start":{"line":239,"column":4},"end":{"line":239,"column":25}},"85":{"start":{"line":239,"column":18},"end":{"line":239,"column":25}},"86":{"start":{"line":241,"column":4},"end":{"line":247,"column":5}},"87":{"start":{"line":242,"column":6},"end":{"line":242,"column":62}},"88":{"start":{"line":242,"column":53},"end":{"line":242,"column":62}},"89":{"start":{"line":244,"column":6},"end":{"line":246,"column":7}},"90":{"start":{"line":245,"column":8},"end":{"line":245,"column":41}},"91":{"start":{"line":251,"column":26},"end":{"line":251,"column":57}},"92":{"start":{"line":252,"column":4},"end":{"line":252,"column":31}},"93":{"start":{"line":252,"column":24},"end":{"line":252,"column":31}},"94":{"start":{"line":255,"column":4},"end":{"line":255,"column":58}},"95":{"start":{"line":258,"column":4},"end":{"line":260,"column":5}},"96":{"start":{"line":259,"column":6},"end":{"line":259,"column":60}},"97":{"start":{"line":261,"column":4},"end":{"line":261,"column":60}},"98":{"start":{"line":263,"column":4},"end":{"line":263,"column":72}},"99":{"start":{"line":267,"column":26},"end":{"line":267,"column":57}},"100":{"start":{"line":268,"column":4},"end":{"line":270,"column":5}},"101":{"start":{"line":269,"column":6},"end":{"line":269,"column":63}},"102":{"start":{"line":272,"column":30},"end":{"line":272,"column":72}},"103":{"start":{"line":273,"column":4},"end":{"line":280,"column":5}},"104":{"start":{"line":274,"column":6},"end":{"line":274,"column":39}},"105":{"start":{"line":277,"column":6},"end":{"line":279,"column":7}},"106":{"start":{"line":278,"column":8},"end":{"line":278,"column":54}},"107":{"start":{"line":282,"column":4},"end":{"line":282,"column":70}},"108":{"start":{"line":286,"column":4},"end":{"line":286,"column":50}},"109":{"start":{"line":290,"column":4},"end":{"line":290,"column":43}},"110":{"start":{"line":294,"column":4},"end":{"line":294,"column":72}},"111":{"start":{"line":300,"column":4},"end":{"line":302,"column":5}},"112":{"start":{"line":301,"column":6},"end":{"line":301,"column":33}},"113":{"start":{"line":305,"column":23},"end":{"line":305,"column":53}},"114":{"start":{"line":306,"column":4},"end":{"line":308,"column":5}},"115":{"start":{"line":307,"column":6},"end":{"line":307,"column":37}},"116":{"start":{"line":310,"column":4},"end":{"line":310,"column":16}},"117":{"start":{"line":314,"column":4},"end":{"line":314,"column":28}},"118":{"start":{"line":314,"column":16},"end":{"line":314,"column":28}},"119":{"start":{"line":316,"column":4},"end":{"line":344,"column":5}},"120":{"start":{"line":317,"column":22},"end":{"line":317,"column":71}},"121":{"start":{"line":320,"column":19},"end":{"line":328,"column":8}},"122":{"start":{"line":331,"column":6},"end":{"line":333,"column":7}},"123":{"start":{"line":332,"column":8},"end":{"line":332,"column":20}},"124":{"start":{"line":335,"column":6},"end":{"line":339,"column":8}},"125":{"start":{"line":342,"column":6},"end":{"line":342,"column":58}},"126":{"start":{"line":343,"column":6},"end":{"line":343,"column":18}},"127":{"start":{"line":348,"column":16},"end":{"line":348,"column":26}},"128":{"start":{"line":349,"column":20},"end":{"line":349,"column":34}},"129":{"start":{"line":351,"column":4},"end":{"line":357,"column":5}},"130":{"start":{"line":352,"column":6},"end":{"line":356,"column":7}},"131":{"start":{"line":353,"column":8},"end":{"line":353,"column":74}},"132":{"start":{"line":354,"column":8},"end":{"line":354,"column":44}},"133":{"start":{"line":355,"column":8},"end":{"line":355,"column":41}},"134":{"start":{"line":362,"column":27},"end":{"line":362,"column":58}},"135":{"start":{"line":363,"column":4},"end":{"line":373,"column":5}},"136":{"start":{"line":364,"column":6},"end":{"line":372,"column":10}},"137":{"start":{"line":378,"column":27},"end":{"line":378,"column":58}},"138":{"start":{"line":379,"column":4},"end":{"line":387,"column":5}},"139":{"start":{"line":380,"column":6},"end":{"line":386,"column":10}},"140":{"start":{"line":392,"column":27},"end":{"line":392,"column":58}},"141":{"start":{"line":393,"column":4},"end":{"line":402,"column":5}},"142":{"start":{"line":394,"column":6},"end":{"line":401,"column":10}},"143":{"start":{"line":28,"column":0},"end":{"line":28,"column":13}},"144":{"start":{"line":412,"column":2},"end":{"line":412,"column":62}},"145":{"start":{"line":415,"column":3},"end":{"line":415,"column":54}},"146":{"start":{"line":418,"column":2},"end":{"line":422,"column":5}},"147":{"start":{"line":419,"column":4},"end":{"line":421,"column":7}},"148":{"start":{"line":420,"column":6},"end":{"line":420,"column":61}},"149":{"start":{"line":425,"column":2},"end":{"line":432,"column":5}},"150":{"start":{"line":425,"column":53},"end":{"line":432,"column":4}},"151":{"start":{"line":426,"column":27},"end":{"line":426,"column":63}},"152":{"start":{"line":427,"column":4},"end":{"line":431,"column":6}},"153":{"start":{"line":434,"column":2},"end":{"line":434,"column":62}}},"fnMap":{"0":{"name":"(anonymous_7)","decl":{"start":{"line":32,"column":2},"end":{"line":32,"column":22}},"loc":{"start":{"line":32,"column":42},"end":{"line":35,"column":3}}},"1":{"name":"(anonymous_8)","decl":{"start":{"line":34,"column":16},"end":{"line":34,"column":19}},"loc":{"start":{"line":34,"column":22},"end":{"line":34,"column":55}}},"2":{"name":"(anonymous_9)","decl":{"start":{"line":37,"column":8},"end":{"line":37,"column":24}},"loc":{"start":{"line":37,"column":54},"end":{"line":94,"column":null}}},"3":{"name":"(anonymous_11)","decl":{"start":{"line":74,"column":38},"end":{"line":74,"column":39}},"loc":{"start":{"line":74,"column":58},"end":{"line":76,"column":7}}},"4":{"name":"(anonymous_12)","decl":{"start":{"line":79,"column":36},"end":{"line":79,"column":39}},"loc":{"start":{"line":79,"column":41},"end":{"line":81,"column":7}}},"5":{"name":"(anonymous_13)","decl":{"start":{"line":83,"column":36},"end":{"line":83,"column":37}},"loc":{"start":{"line":83,"column":46},"end":{"line":86,"column":7}}},"6":{"name":"(anonymous_14)","decl":{"start":{"line":96,"column":16},"end":{"line":96,"column":29}},"loc":{"start":{"line":96,"column":61},"end":{"line":134,"column":null}}},"7":{"name":"(anonymous_16)","decl":{"start":{"line":136,"column":16},"end":{"line":136,"column":33}},"loc":{"start":{"line":136,"column":72},"end":{"line":171,"column":null}}},"8":{"name":"(anonymous_18)","decl":{"start":{"line":173,"column":10},"end":{"line":173,"column":31}},"loc":{"start":{"line":173,"column":89},"end":{"line":196,"column":3}}},"9":{"name":"(anonymous_19)","decl":{"start":{"line":192,"column":17},"end":{"line":192,"column":20}},"loc":{"start":{"line":192,"column":22},"end":{"line":194,"column":7}}},"10":{"name":"(anonymous_20)","decl":{"start":{"line":198,"column":10},"end":{"line":198,"column":30}},"loc":{"start":{"line":198,"column":69},"end":{"line":201,"column":3}}},"11":{"name":"(anonymous_21)","decl":{"start":{"line":203,"column":10},"end":{"line":203,"column":29}},"loc":{"start":{"line":203,"column":44},"end":{"line":216,"column":3}}},"12":{"name":"(anonymous_22)","decl":{"start":{"line":219,"column":9},"end":{"line":219,"column":19}},"loc":{"start":{"line":219,"column":61},"end":{"line":235,"column":3}}},"13":{"name":"(anonymous_23)","decl":{"start":{"line":237,"column":9},"end":{"line":237,"column":32}},"loc":{"start":{"line":237,"column":107},"end":{"line":248,"column":3}}},"14":{"name":"(anonymous_24)","decl":{"start":{"line":250,"column":9},"end":{"line":250,"column":25}},"loc":{"start":{"line":250,"column":64},"end":{"line":264,"column":3}}},"15":{"name":"(anonymous_25)","decl":{"start":{"line":266,"column":9},"end":{"line":266,"column":26}},"loc":{"start":{"line":266,"column":65},"end":{"line":283,"column":3}}},"16":{"name":"(anonymous_26)","decl":{"start":{"line":285,"column":9},"end":{"line":285,"column":26}},"loc":{"start":{"line":285,"column":26},"end":{"line":287,"column":3}}},"17":{"name":"(anonymous_27)","decl":{"start":{"line":289,"column":9},"end":{"line":289,"column":24}},"loc":{"start":{"line":289,"column":39},"end":{"line":291,"column":3}}},"18":{"name":"(anonymous_28)","decl":{"start":{"line":293,"column":9},"end":{"line":293,"column":29}},"loc":{"start":{"line":293,"column":52},"end":{"line":295,"column":3}}},"19":{"name":"(anonymous_29)","decl":{"start":{"line":298,"column":10},"end":{"line":298,"column":22}},"loc":{"start":{"line":298,"column":35},"end":{"line":311,"column":3}}},"20":{"name":"(anonymous_30)","decl":{"start":{"line":313,"column":16},"end":{"line":313,"column":33}},"loc":{"start":{"line":313,"column":54},"end":{"line":345,"column":null}}},"21":{"name":"(anonymous_32)","decl":{"start":{"line":347,"column":10},"end":{"line":347,"column":36}},"loc":{"start":{"line":347,"column":36},"end":{"line":358,"column":3}}},"22":{"name":"(anonymous_33)","decl":{"start":{"line":361,"column":2},"end":{"line":361,"column":32}},"loc":{"start":{"line":361,"column":102},"end":{"line":374,"column":3}}},"23":{"name":"(anonymous_34)","decl":{"start":{"line":377,"column":2},"end":{"line":377,"column":30}},"loc":{"start":{"line":377,"column":60},"end":{"line":388,"column":3}}},"24":{"name":"(anonymous_35)","decl":{"start":{"line":391,"column":2},"end":{"line":391,"column":29}},"loc":{"start":{"line":391,"column":75},"end":{"line":403,"column":3}}},"25":{"name":"registerChatWebSocket","decl":{"start":{"line":410,"column":22},"end":{"line":410,"column":43}},"loc":{"start":{"line":410,"column":68},"end":{"line":435,"column":null}}},"26":{"name":"(anonymous_38)","decl":{"start":{"line":418,"column":19},"end":{"line":418,"column":35}},"loc":{"start":{"line":418,"column":42},"end":{"line":422,"column":4}}},"27":{"name":"(anonymous_40)","decl":{"start":{"line":419,"column":49},"end":{"line":419,"column":50}},"loc":{"start":{"line":419,"column":73},"end":{"line":421,"column":5}}},"28":{"name":"(anonymous_41)","decl":{"start":{"line":425,"column":28},"end":{"line":425,"column":35}},"loc":{"start":{"line":425,"column":53},"end":{"line":432,"column":4}}},"29":{"name":"(anonymous_42)","decl":{"start":{"line":425,"column":53},"end":{"line":425,"column":null}},"loc":{"start":{"line":425,"column":53},"end":{"line":432,"column":3}}}},"branchMap":{"0":{"loc":{"start":{"line":43,"column":6},"end":{"line":50,"column":7}},"type":"if","locations":[{"start":{"line":43,"column":6},"end":{"line":50,"column":7}}]},"1":{"loc":{"start":{"line":99,"column":6},"end":{"line":99,"column":33}},"type":"if","locations":[{"start":{"line":99,"column":6},"end":{"line":99,"column":33}}]},"2":{"loc":{"start":{"line":106,"column":6},"end":{"line":125,"column":7}},"type":"switch","locations":[{"start":{"line":107,"column":8},"end":{"line":109,"column":16}},{"start":{"line":111,"column":8},"end":{"line":113,"column":16}},{"start":{"line":115,"column":8},"end":{"line":117,"column":16}},{"start":{"line":119,"column":8},"end":{"line":121,"column":16}},{"start":{"line":123,"column":8},"end":{"line":124,"column":61}}]},"3":{"loc":{"start":{"line":138,"column":6},"end":{"line":138,"column":40}},"type":"if","locations":[{"start":{"line":138,"column":6},"end":{"line":138,"column":40}}]},"4":{"loc":{"start":{"line":138,"column":11},"end":{"line":138,"column":31}},"type":"cond-expr","locations":[{"start":{"line":138,"column":23},"end":{"line":138,"column":25}},{"start":{"line":138,"column":23},"end":{"line":138,"column":31}}]},"5":{"loc":{"start":{"line":138,"column":11},"end":{"line":138,"column":25}},"type":"binary-expr","locations":[{"start":{"line":138,"column":11},"end":{"line":138,"column":25}},{"start":{"line":138,"column":23},"end":{"line":138,"column":25}}]},"6":{"loc":{"start":{"line":141,"column":6},"end":{"line":141,"column":33}},"type":"if","locations":[{"start":{"line":141,"column":6},"end":{"line":141,"column":33}}]},"7":{"loc":{"start":{"line":144,"column":6},"end":{"line":146,"column":7}},"type":"if","locations":[{"start":{"line":144,"column":6},"end":{"line":146,"column":7}}]},"8":{"loc":{"start":{"line":149,"column":6},"end":{"line":158,"column":7}},"type":"if","locations":[{"start":{"line":149,"column":6},"end":{"line":158,"column":7}}]},"9":{"loc":{"start":{"line":174,"column":4},"end":{"line":174,"column":37}},"type":"if","locations":[{"start":{"line":174,"column":4},"end":{"line":174,"column":37}}]},"10":{"loc":{"start":{"line":177,"column":4},"end":{"line":177,"column":31}},"type":"if","locations":[{"start":{"line":177,"column":4},"end":{"line":177,"column":31}}]},"11":{"loc":{"start":{"line":181,"column":12},"end":{"line":181,"column":53}},"type":"cond-expr","locations":[{"start":{"line":181,"column":23},"end":{"line":181,"column":37}},{"start":{"line":181,"column":40},"end":{"line":181,"column":53}}]},"12":{"loc":{"start":{"line":191,"column":4},"end":{"line":195,"column":5}},"type":"if","locations":[{"start":{"line":191,"column":4},"end":{"line":195,"column":5}}]},"13":{"loc":{"start":{"line":205,"column":4},"end":{"line":205,"column":31}},"type":"if","locations":[{"start":{"line":205,"column":4},"end":{"line":205,"column":31}}]},"14":{"loc":{"start":{"line":221,"column":4},"end":{"line":223,"column":5}},"type":"if","locations":[{"start":{"line":221,"column":4},"end":{"line":223,"column":5}}]},"15":{"loc":{"start":{"line":221,"column":8},"end":{"line":221,"column":70}},"type":"binary-expr","locations":[{"start":{"line":221,"column":8},"end":{"line":221,"column":22}},{"start":{"line":221,"column":26},"end":{"line":221,"column":70}}]},"16":{"loc":{"start":{"line":239,"column":4},"end":{"line":239,"column":25}},"type":"if","locations":[{"start":{"line":239,"column":4},"end":{"line":239,"column":25}}]},"17":{"loc":{"start":{"line":242,"column":6},"end":{"line":242,"column":62}},"type":"if","locations":[{"start":{"line":242,"column":6},"end":{"line":242,"column":62}}]},"18":{"loc":{"start":{"line":242,"column":10},"end":{"line":242,"column":51}},"type":"binary-expr","locations":[{"start":{"line":242,"column":10},"end":{"line":242,"column":23}},{"start":{"line":242,"column":27},"end":{"line":242,"column":51}}]},"19":{"loc":{"start":{"line":244,"column":6},"end":{"line":246,"column":7}},"type":"if","locations":[{"start":{"line":244,"column":6},"end":{"line":246,"column":7}}]},"20":{"loc":{"start":{"line":252,"column":4},"end":{"line":252,"column":31}},"type":"if","locations":[{"start":{"line":252,"column":4},"end":{"line":252,"column":31}}]},"21":{"loc":{"start":{"line":258,"column":4},"end":{"line":260,"column":5}},"type":"if","locations":[{"start":{"line":258,"column":4},"end":{"line":260,"column":5}}]},"22":{"loc":{"start":{"line":268,"column":4},"end":{"line":270,"column":5}},"type":"if","locations":[{"start":{"line":268,"column":4},"end":{"line":270,"column":5}}]},"23":{"loc":{"start":{"line":273,"column":4},"end":{"line":280,"column":5}},"type":"if","locations":[{"start":{"line":273,"column":4},"end":{"line":280,"column":5}}]},"24":{"loc":{"start":{"line":277,"column":6},"end":{"line":279,"column":7}},"type":"if","locations":[{"start":{"line":277,"column":6},"end":{"line":279,"column":7}}]},"25":{"loc":{"start":{"line":294,"column":22},"end":{"line":294,"column":70}},"type":"binary-expr","locations":[{"start":{"line":294,"column":22},"end":{"line":294,"column":64}},{"start":{"line":294,"column":68},"end":{"line":294,"column":70}}]},"26":{"loc":{"start":{"line":300,"column":4},"end":{"line":302,"column":5}},"type":"if","locations":[{"start":{"line":300,"column":4},"end":{"line":302,"column":5}}]},"27":{"loc":{"start":{"line":300,"column":8},"end":{"line":300,"column":28}},"type":"cond-expr","locations":[{"start":{"line":300,"column":21},"end":{"line":300,"column":23}},{"start":{"line":300,"column":21},"end":{"line":300,"column":28}}]},"28":{"loc":{"start":{"line":300,"column":8},"end":{"line":300,"column":23}},"type":"binary-expr","locations":[{"start":{"line":300,"column":8},"end":{"line":300,"column":23}},{"start":{"line":300,"column":21},"end":{"line":300,"column":23}}]},"29":{"loc":{"start":{"line":305,"column":23},"end":{"line":305,"column":53}},"type":"cond-expr","locations":[{"start":{"line":305,"column":38},"end":{"line":305,"column":40}},{"start":{"line":305,"column":38},"end":{"line":305,"column":53}}]},"30":{"loc":{"start":{"line":305,"column":23},"end":{"line":305,"column":40}},"type":"binary-expr","locations":[{"start":{"line":305,"column":23},"end":{"line":305,"column":40}},{"start":{"line":305,"column":38},"end":{"line":305,"column":40}}]},"31":{"loc":{"start":{"line":306,"column":4},"end":{"line":308,"column":5}},"type":"if","locations":[{"start":{"line":306,"column":4},"end":{"line":308,"column":5}}]},"32":{"loc":{"start":{"line":306,"column":8},"end":{"line":306,"column":54}},"type":"binary-expr","locations":[{"start":{"line":306,"column":8},"end":{"line":306,"column":18}},{"start":{"line":306,"column":22},"end":{"line":306,"column":54}}]},"33":{"loc":{"start":{"line":314,"column":4},"end":{"line":314,"column":28}},"type":"if","locations":[{"start":{"line":314,"column":4},"end":{"line":314,"column":28}}]},"34":{"loc":{"start":{"line":331,"column":6},"end":{"line":333,"column":7}},"type":"if","locations":[{"start":{"line":331,"column":6},"end":{"line":333,"column":7}}]},"35":{"loc":{"start":{"line":352,"column":6},"end":{"line":356,"column":7}},"type":"if","locations":[{"start":{"line":352,"column":6},"end":{"line":356,"column":7}}]},"36":{"loc":{"start":{"line":363,"column":4},"end":{"line":373,"column":5}},"type":"if","locations":[{"start":{"line":363,"column":4},"end":{"line":373,"column":5}}]},"37":{"loc":{"start":{"line":379,"column":4},"end":{"line":387,"column":5}},"type":"if","locations":[{"start":{"line":379,"column":4},"end":{"line":387,"column":5}}]},"38":{"loc":{"start":{"line":393,"column":4},"end":{"line":402,"column":5}},"type":"if","locations":[{"start":{"line":393,"column":4},"end":{"line":402,"column":5}}]}},"s":{"0":0,"1":0,"2":0,"3":0,"4":0,"5":0,"6":0,"7":0,"8":0,"9":0,"10":0,"11":0,"12":0,"13":0,"14":0,"15":0,"16":0,"17":0,"18":0,"19":0,"20":0,"21":0,"22":0,"23":0,"24":0,"25":0,"26":0,"27":0,"28":0,"29":0,"30":0,"31":0,"32":0,"33":0,"34":0,"35":0,"36":0,"37":0,"38":0,"39":0,"40":0,"41":0,"42":0,"43":0,"44":0,"45":0,"46":0,"47":0,"48":0,"49":0,"50":0,"51":0,"52":0,"53":0,"54":0,"55":0,"56":0,"57":0,"58":0,"59":0,"60":0,"61":0,"62":0,"63":0,"64":0,"65":0,"66":0,"67":0,"68":0,"69":0,"70":0,"71":0,"72":0,"73":0,"74":0,"75":0,"76":0,"77":0,"78":0,"79":0,"80":0,"81":0,"82":0,"83":0,"84":0,"85":0,"86":0,"87":0,"88":0,"89":0,"90":0,"91":0,"92":0,"93":0,"94":0,"95":0,"96":0,"97":0,"98":0,"99":0,"100":0,"101":0,"102":0,"103":0,"104":0,"105":0,"106":0,"107":0,"108":0,"109":0,"110":0,"111":0,"112":0,"113":0,"114":0,"115":0,"116":0,"117":0,"118":0,"119":0,"120":0,"121":0,"122":0,"123":0,"124":0,"125":0,"126":0,"127":0,"128":0,"129":0,"130":0,"131":0,"132":0,"133":0,"134":0,"135":0,"136":0,"137":0,"138":0,"139":0,"140":0,"141":0,"142":0,"143":0,"144":0,"145":0,"146":0,"147":0,"148":0,"149":0,"150":0,"151":0,"152":0,"153":0},"f":{"0":0,"1":0,"2":0,"3":0,"4":0,"5":0,"6":0,"7":0,"8":0,"9":0,"10":0,"11":0,"12":0,"13":0,"14":0,"15":0,"16":0,"17":0,"18":0,"19":0,"20":0,"21":0,"22":0,"23":0,"24":0,"25":0,"26":0,"27":0,"28":0,"29":0},"b":{"0":[0],"1":[0],"2":[0,0,0,0,0],"3":[0],"4":[0,0],"5":[0,0],"6":[0],"7":[0],"8":[0],"9":[0],"10":[0],"11":[0,0],"12":[0],"13":[0],"14":[0],"15":[0,0],"16":[0],"17":[0],"18":[0,0],"19":[0],"20":[0],"21":[0],"22":[0],"23":[0],"24":[0],"25":[0,0],"26":[0],"27":[0,0],"28":[0,0],"29":[0,0],"30":[0,0],"31":[0],"32":[0,0],"33":[0],"34":[0],"35":[0],"36":[0],"37":[0],"38":[0]}}
}
