TN:
SF:src\app.ts
FN:21,build
FN:21,(anonymous_8)
FN:65,(anonymous_9)
FN:81,(anonymous_10)
FN:90,(anonymous_12)
FN:90,(anonymous_13)
FN:129,(anonymous_14)
FN:129,(anonymous_15)
FN:180,(anonymous_16)
FN:180,(anonymous_17)
FN:202,start
FNF:11
FNH:0
FNDA:0,build
FNDA:0,(anonymous_8)
FNDA:0,(anonymous_9)
FNDA:0,(anonymous_10)
FNDA:0,(anonymous_12)
FNDA:0,(anonymous_13)
FNDA:0,(anonymous_14)
FNDA:0,(anonymous_15)
FNDA:0,(anonymous_16)
FNDA:0,(anonymous_17)
FNDA:0,start
DA:1,0
DA:2,0
DA:3,0
DA:4,0
DA:5,0
DA:6,0
DA:7,0
DA:8,0
DA:9,0
DA:10,0
DA:11,0
DA:12,0
DA:13,0
DA:14,0
DA:21,0
DA:22,0
DA:29,0
DA:34,0
DA:37,0
DA:39,0
DA:41,0
DA:44,0
DA:45,0
DA:46,0
DA:47,0
DA:48,0
DA:51,0
DA:58,0
DA:62,0
DA:66,0
DA:70,0
DA:73,0
DA:81,0
DA:82,0
DA:83,0
DA:85,0
DA:90,0
DA:91,0
DA:93,0
DA:96,0
DA:98,0
DA:111,0
DA:120,0
DA:121,0
DA:124,0
DA:125,0
DA:129,0
DA:130,0
DA:133,0
DA:134,0
DA:140,0
DA:141,0
DA:148,0
DA:149,0
DA:156,0
DA:157,0
DA:164,0
DA:165,0
DA:172,0
DA:173,0
DA:180,0
DA:181,0
DA:183,0
DA:184,0
DA:185,0
DA:186,0
DA:187,0
DA:188,0
DA:190,0
DA:191,0
DA:195,0
DA:196,0
DA:198,0
DA:202,0
DA:203,0
DA:204,0
DA:206,0
DA:207,0
DA:209,0
DA:211,0
DA:212,0
DA:213,0
DA:214,0
DA:215,0
DA:218,0
DA:219,0
LF:86
LH:0
BRDA:21,0,0,0
BRDA:23,1,0,0
BRDA:23,1,1,0
BRDA:24,2,0,0
BRDA:24,2,1,0
BRDA:30,3,0,0
BRDA:30,3,1,0
BRDA:52,4,0,0
BRDA:52,4,1,0
BRDA:59,5,0,0
BRDA:59,5,1,0
BRDA:66,6,0,0
BRDA:66,6,1,0
BRDA:66,7,0,0
BRDA:66,7,1,0
BRDA:66,8,0,0
BRDA:66,8,1,0
BRDA:101,9,0,0
BRDA:101,9,1,0
BRDA:124,10,0,0
BRDA:133,11,0,0
BRDA:140,12,0,0
BRDA:148,13,0,0
BRDA:156,14,0,0
BRDA:164,15,0,0
BRDA:172,16,0,0
BRDA:172,16,1,0
BRDA:175,17,0,0
BRDA:175,17,1,0
BRDA:206,18,0,0
BRDA:206,18,1,0
BRDA:207,19,0,0
BRDA:207,19,1,0
BRF:33
BRH:0
end_of_record
TN:
SF:src\server.ts
FN:24,(anonymous_0)
FN:28,(anonymous_1)
FN:36,(anonymous_2)
FNF:3
FNH:0
FNDA:0,(anonymous_0)
FNDA:0,(anonymous_1)
FNDA:0,(anonymous_2)
DA:14,0
DA:15,0
DA:18,0
DA:24,0
DA:26,0
DA:27,0
DA:28,0
DA:29,0
DA:31,0
DA:32,0
DA:36,0
DA:37,0
DA:38,0
LF:13
LH:0
BRDA:26,0,0,0
BRF:1
BRH:0
end_of_record
TN:
SF:src\components\ui\aspect-ratio.tsx
FNF:0
FNH:0
DA:1,0
DA:3,0
DA:5,0
LF:3
LH:0
BRF:0
BRH:0
end_of_record
TN:
SF:src\components\ui\collapsible.tsx
FNF:0
FNH:0
DA:1,0
DA:3,0
DA:5,0
DA:7,0
DA:9,0
LF:5
LH:0
BRF:0
BRH:0
end_of_record
TN:
SF:src\components\ui\use-toast.ts
FN:3,(anonymous_0)
FN:3,(anonymous_1)
FNF:2
FNH:0
FNDA:0,(anonymous_0)
FNDA:0,(anonymous_1)
DA:1,0
DA:3,0
LF:2
LH:0
BRF:0
BRH:0
end_of_record
TN:
SF:src\hooks\use-mobile.tsx
FN:5,useIsMobile
FN:8,(anonymous_1)
FN:10,(anonymous_2)
FN:15,(anonymous_3)
FNF:4
FNH:0
FNDA:0,useIsMobile
FNDA:0,(anonymous_1)
FNDA:0,(anonymous_2)
FNDA:0,(anonymous_3)
DA:1,0
DA:3,0
DA:5,0
DA:6,0
DA:8,0
DA:9,0
DA:10,0
DA:11,0
DA:13,0
DA:14,0
DA:15,0
DA:18,0
LF:12
LH:0
BRF:0
BRH:0
end_of_record
TN:
SF:src\lib\chatApi.ts
FN:90,(anonymous_7)
FN:123,(anonymous_9)
FN:143,(anonymous_11)
FN:163,(anonymous_12)
FN:177,(anonymous_14)
FN:224,(anonymous_16)
FN:233,(anonymous_17)
FN:239,(anonymous_18)
FN:259,(anonymous_20)
FN:262,(anonymous_21)
FN:270,(anonymous_22)
FN:273,(anonymous_23)
FN:279,(anonymous_24)
FN:289,(anonymous_25)
FN:302,(anonymous_26)
FN:306,(anonymous_27)
FN:307,(anonymous_28)
FN:313,(anonymous_29)
FN:321,(anonymous_30)
FN:325,(anonymous_31)
FN:333,(anonymous_32)
FN:337,(anonymous_33)
FN:345,(anonymous_34)
FN:346,(anonymous_35)
FN:349,(anonymous_36)
FN:357,(anonymous_37)
FN:376,createUserMessage
FN:389,validateMessageContent
FN:406,formatMessageTime
FNF:29
FNH:0
FNDA:0,(anonymous_7)
FNDA:0,(anonymous_9)
FNDA:0,(anonymous_11)
FNDA:0,(anonymous_12)
FNDA:0,(anonymous_14)
FNDA:0,(anonymous_16)
FNDA:0,(anonymous_17)
FNDA:0,(anonymous_18)
FNDA:0,(anonymous_20)
FNDA:0,(anonymous_21)
FNDA:0,(anonymous_22)
FNDA:0,(anonymous_23)
FNDA:0,(anonymous_24)
FNDA:0,(anonymous_25)
FNDA:0,(anonymous_26)
FNDA:0,(anonymous_27)
FNDA:0,(anonymous_28)
FNDA:0,(anonymous_29)
FNDA:0,(anonymous_30)
FNDA:0,(anonymous_31)
FNDA:0,(anonymous_32)
FNDA:0,(anonymous_33)
FNDA:0,(anonymous_34)
FNDA:0,(anonymous_35)
FNDA:0,(anonymous_36)
FNDA:0,(anonymous_37)
FNDA:0,createUserMessage
FNDA:0,validateMessageContent
FNDA:0,formatMessageTime
DA:12,0
DA:75,0
DA:91,0
DA:92,0
DA:97,0
DA:115,0
DA:116,0
DA:128,0
DA:129,0
DA:130,0
DA:131,0
DA:132,0
DA:134,0
DA:138,0
DA:141,0
DA:143,0
DA:155,0
DA:156,0
DA:164,0
DA:165,0
DA:169,0
DA:170,0
DA:183,0
DA:184,0
DA:186,0
DA:187,0
DA:216,0
DA:217,0
DA:219,0
DA:220,0
DA:221,0
DA:222,0
DA:225,0
DA:234,0
DA:235,0
DA:236,0
DA:240,0
DA:241,0
DA:244,0
DA:245,0
DA:248,0
DA:250,0
DA:251,0
DA:252,0
DA:253,0
DA:256,0
DA:257,0
DA:259,0
DA:260,0
DA:262,0
DA:263,0
DA:264,0
DA:265,0
DA:266,0
DA:267,0
DA:270,0
DA:271,0
DA:272,0
DA:273,0
DA:275,0
DA:279,0
DA:280,0
DA:281,0
DA:282,0
DA:284,0
DA:285,0
DA:289,0
DA:290,0
DA:291,0
DA:292,0
DA:297,0
DA:298,0
DA:303,0
DA:304,0
DA:306,0
DA:307,0
DA:308,0
DA:314,0
DA:315,0
DA:317,0
DA:322,0
DA:325,0
DA:326,0
DA:327,0
DA:328,0
DA:334,0
DA:337,0
DA:338,0
DA:339,0
DA:340,0
DA:346,0
DA:350,0
DA:351,0
DA:352,0
DA:353,0
DA:358,0
DA:366,0
DA:367,0
DA:376,0
DA:377,0
DA:389,0
DA:390,0
DA:392,0
DA:393,0
DA:396,0
DA:397,0
DA:400,0
DA:406,0
DA:407,0
DA:408,0
DA:409,0
DA:410,0
DA:411,0
DA:413,0
DA:414,0
DA:415,0
DA:416,0
DA:417,0
DA:418,0
DA:419,0
DA:420,0
DA:422,0
DA:430,0
LF:123
LH:0
BRDA:130,0,0,0
BRDA:130,1,0,0
BRDA:130,1,1,0
BRDA:130,2,0,0
BRDA:130,2,1,0
BRDA:131,3,0,0
BRDA:131,4,0,0
BRDA:131,4,1,0
BRDA:131,5,0,0
BRDA:131,5,1,0
BRDA:132,6,0,0
BRDA:132,7,0,0
BRDA:132,7,1,0
BRDA:132,8,0,0
BRDA:132,8,1,0
BRDA:134,9,0,0
BRDA:134,9,1,0
BRDA:134,10,0,0
BRDA:134,10,1,0
BRDA:147,11,0,0
BRDA:147,11,1,0
BRDA:224,12,0,0
BRDA:226,13,0,0
BRDA:226,13,1,0
BRDA:227,14,0,0
BRDA:227,14,1,0
BRDA:227,15,0,0
BRDA:227,15,1,0
BRDA:228,16,0,0
BRDA:228,16,1,0
BRDA:228,17,0,0
BRDA:228,17,1,0
BRDA:229,18,0,0
BRDA:229,18,1,0
BRDA:229,19,0,0
BRDA:229,19,1,0
BRDA:234,20,0,0
BRDA:234,20,1,0
BRDA:240,21,0,0
BRDA:240,22,0,0
BRDA:240,22,1,0
BRDA:244,23,0,0
BRDA:252,24,0,0
BRDA:260,25,0,0
BRDA:284,26,0,0
BRDA:284,27,0,0
BRDA:284,27,1,0
BRDA:314,28,0,0
BRDA:314,28,1,0
BRDA:314,29,0,0
BRDA:314,29,1,0
BRDA:327,30,0,0
BRDA:339,31,0,0
BRDA:351,32,0,0
BRDA:358,33,0,0
BRDA:358,33,1,0
BRDA:358,34,0,0
BRDA:358,34,1,0
BRDA:392,35,0,0
BRDA:396,36,0,0
BRDA:413,37,0,0
BRDA:413,37,1,0
BRDA:415,38,0,0
BRDA:415,38,1,0
BRDA:417,39,0,0
BRDA:417,39,1,0
BRDA:419,40,0,0
BRDA:419,40,1,0
BRF:68
BRH:0
end_of_record
TN:
SF:src\lib\database.ts
FN:87,(anonymous_7)
FN:95,(anonymous_8)
FN:97,(anonymous_9)
FN:98,(anonymous_10)
FN:101,(anonymous_11)
FN:110,(anonymous_12)
FN:111,(anonymous_13)
FN:111,(anonymous_14)
FN:124,(anonymous_15)
FN:207,(anonymous_17)
FN:222,(anonymous_19)
FN:237,(anonymous_21)
FN:239,(anonymous_23)
FN:239,(anonymous_24)
FN:255,(anonymous_25)
FN:282,(anonymous_27)
FN:294,(anonymous_29)
FN:310,(anonymous_31)
FN:326,(anonymous_32)
FN:336,(anonymous_33)
FN:362,(anonymous_35)
FN:362,(anonymous_36)
FN:380,(anonymous_37)
FN:390,(anonymous_38)
FN:454,connectDatabase
FN:455,(anonymous_42)
FN:455,(anonymous_43)
FN:461,disconnectDatabase
FN:466,healthCheck
FN:470,getDatabaseMetrics
FNF:30
FNH:0
FNDA:0,(anonymous_7)
FNDA:0,(anonymous_8)
FNDA:0,(anonymous_9)
FNDA:0,(anonymous_10)
FNDA:0,(anonymous_11)
FNDA:0,(anonymous_12)
FNDA:0,(anonymous_13)
FNDA:0,(anonymous_14)
FNDA:0,(anonymous_15)
FNDA:0,(anonymous_17)
FNDA:0,(anonymous_19)
FNDA:0,(anonymous_21)
FNDA:0,(anonymous_23)
FNDA:0,(anonymous_24)
FNDA:0,(anonymous_25)
FNDA:0,(anonymous_27)
FNDA:0,(anonymous_29)
FNDA:0,(anonymous_31)
FNDA:0,(anonymous_32)
FNDA:0,(anonymous_33)
FNDA:0,(anonymous_35)
FNDA:0,(anonymous_36)
FNDA:0,(anonymous_37)
FNDA:0,(anonymous_38)
FNDA:0,connectDatabase
FNDA:0,(anonymous_42)
FNDA:0,(anonymous_43)
FNDA:0,disconnectDatabase
FNDA:0,healthCheck
FNDA:0,getDatabaseMetrics
DA:12,0
DA:15,0
DA:39,0
DA:54,0
DA:73,0
DA:84,0
DA:85,0
DA:88,0
DA:89,0
DA:97,0
DA:98,0
DA:101,0
DA:102,0
DA:103,0
DA:111,0
DA:112,0
DA:113,0
DA:115,0
DA:116,0
DA:125,0
DA:127,0
DA:129,0
DA:132,0
DA:135,0
DA:138,0
DA:140,0
DA:143,0
DA:148,0
DA:151,0
DA:152,0
DA:154,0
DA:173,0
DA:174,0
DA:177,0
DA:180,0
DA:181,0
DA:183,0
DA:208,0
DA:209,0
DA:210,0
DA:212,0
DA:223,0
DA:224,0
DA:225,0
DA:227,0
DA:238,0
DA:239,0
DA:240,0
DA:241,0
DA:243,0
DA:245,0
DA:256,0
DA:258,0
DA:260,0
DA:262,0
DA:263,0
DA:265,0
DA:271,0
DA:283,0
DA:284,0
DA:285,0
DA:287,0
DA:295,0
DA:296,0
DA:301,0
DA:303,0
DA:311,0
DA:318,0
DA:319,0
DA:327,0
DA:337,0
DA:339,0
DA:340,0
DA:342,0
DA:344,0
DA:345,0
DA:349,0
DA:351,0
DA:352,0
DA:354,0
DA:355,0
DA:362,0
DA:363,0
DA:365,0
DA:366,0
DA:367,0
DA:369,0
DA:371,0
DA:372,0
DA:373,0
DA:376,0
DA:379,0
DA:380,0
DA:384,0
DA:391,0
DA:393,0
DA:451,0
DA:454,0
DA:455,0
DA:456,0
DA:457,0
DA:461,0
DA:462,0
DA:463,0
DA:466,0
DA:467,0
DA:470,0
DA:471,0
DA:478,0
LF:109
LH:0
BRDA:17,0,0,0
BRDA:17,0,1,0
BRDA:18,1,0,0
BRDA:18,1,1,0
BRDA:19,2,0,0
BRDA:19,2,1,0
BRDA:22,3,0,0
BRDA:22,3,1,0
BRDA:23,4,0,0
BRDA:23,4,1,0
BRDA:26,5,0,0
BRDA:26,5,1,0
BRDA:39,6,0,0
BRDA:39,6,1,0
BRDA:39,7,0,0
BRDA:39,7,1,0
BRDA:41,8,0,0
BRDA:41,8,1,0
BRDA:45,9,0,0
BRDA:45,9,1,0
BRDA:54,10,0,0
BRDA:143,11,0,0
BRDA:143,11,1,0
BRDA:143,11,2,0
BRDA:143,11,3,0
BRDA:148,12,0,0
BRDA:148,12,1,0
BRDA:149,13,0,0
BRDA:149,13,1,0
BRDA:173,14,0,0
BRDA:187,15,0,0
BRDA:187,15,1,0
BRDA:194,16,0,0
BRDA:194,16,1,0
BRDA:214,17,0,0
BRDA:214,17,1,0
BRDA:229,18,0,0
BRDA:229,18,1,0
BRDA:247,19,0,0
BRDA:247,19,1,0
BRDA:268,20,0,0
BRDA:268,20,1,0
BRDA:274,21,0,0
BRDA:274,21,1,0
BRDA:285,22,0,0
BRDA:285,22,1,0
BRDA:285,23,0,0
BRDA:285,23,1,0
BRDA:285,24,0,0
BRDA:285,24,1,0
BRDA:301,25,0,0
BRDA:301,25,1,0
BRDA:301,26,0,0
BRDA:301,26,1,0
BRDA:301,27,0,0
BRDA:301,27,1,0
BRDA:313,28,0,0
BRDA:313,28,1,0
BRDA:318,29,0,0
BRDA:337,30,0,0
BRDA:344,31,0,0
BRDA:362,32,0,0
BRDA:369,33,0,0
BRDA:369,33,1,0
BRDA:371,34,0,0
BRDA:397,35,0,0
BRDA:397,35,1,0
BRDA:398,36,0,0
BRDA:398,36,1,0
BRF:69
BRH:0
end_of_record
TN:
SF:src\lib\utils.ts
FN:4,cn
FN:9,cosineDistance
FN:35,cosineSimilarity
FN:40,normalizeText
FN:50,extractKeywords
FN:67,(anonymous_5)
FN:68,(anonymous_6)
FN:72,chunkText
FN:103,classifyAgriculturalTopic
FN:121,(anonymous_9)
FN:135,validateUUID
FN:140,sanitizeInput
FN:149,formatFileSize
FN:160,createPerformanceTimer
FN:164,(anonymous_14)
FN:169,(anonymous_15)
FN:178,createRateLimiter
FN:182,(anonymous_17)
FN:187,(anonymous_18)
FN:198,(anonymous_19)
FN:202,(anonymous_20)
FN:205,(anonymous_21)
FNF:22
FNH:0
FNDA:0,cn
FNDA:0,cosineDistance
FNDA:0,cosineSimilarity
FNDA:0,normalizeText
FNDA:0,extractKeywords
FNDA:0,(anonymous_5)
FNDA:0,(anonymous_6)
FNDA:0,chunkText
FNDA:0,classifyAgriculturalTopic
FNDA:0,(anonymous_9)
FNDA:0,validateUUID
FNDA:0,sanitizeInput
FNDA:0,formatFileSize
FNDA:0,createPerformanceTimer
FNDA:0,(anonymous_14)
FNDA:0,(anonymous_15)
FNDA:0,createRateLimiter
FNDA:0,(anonymous_17)
FNDA:0,(anonymous_18)
FNDA:0,(anonymous_19)
FNDA:0,(anonymous_20)
FNDA:0,(anonymous_21)
DA:1,0
DA:2,0
DA:4,0
DA:5,0
DA:9,0
DA:10,0
DA:11,0
DA:14,0
DA:15,0
DA:16,0
DA:18,0
DA:19,0
DA:20,0
DA:21,0
DA:24,0
DA:25,0
DA:27,0
DA:28,0
DA:31,0
DA:32,0
DA:35,0
DA:36,0
DA:40,0
DA:41,0
DA:50,0
DA:51,0
DA:52,0
DA:55,0
DA:66,0
DA:67,0
DA:68,0
DA:72,0
DA:73,0
DA:74,0
DA:77,0
DA:78,0
DA:80,0
DA:81,0
DA:84,0
DA:85,0
DA:86,0
DA:88,0
DA:89,0
DA:90,0
DA:91,0
DA:95,0
DA:96,0
DA:99,0
DA:103,0
DA:104,0
DA:106,0
DA:117,0
DA:118,0
DA:120,0
DA:121,0
DA:122,0
DA:125,0
DA:126,0
DA:127,0
DA:131,0
DA:135,0
DA:136,0
DA:137,0
DA:140,0
DA:141,0
DA:149,0
DA:150,0
DA:152,0
DA:153,0
DA:154,0
DA:156,0
DA:160,0
DA:161,0
DA:163,0
DA:165,0
DA:166,0
DA:170,0
DA:171,0
DA:172,0
DA:178,0
DA:179,0
DA:181,0
DA:183,0
DA:184,0
DA:187,0
DA:189,0
DA:190,0
DA:193,0
DA:194,0
DA:195,0
DA:199,0
DA:203,0
DA:204,0
DA:205,0
DA:206,0
LF:95
LH:0
BRDA:10,0,0,0
BRDA:27,1,0,0
BRDA:27,2,0,0
BRDA:27,2,1,0
BRDA:50,3,0,0
BRDA:67,4,0,0
BRDA:67,4,1,0
BRDA:72,5,0,0
BRDA:72,6,0,0
BRDA:73,7,0,0
BRDA:84,8,0,0
BRDA:88,9,0,0
BRDA:88,9,1,0
BRDA:90,10,0,0
BRDA:122,11,0,0
BRDA:122,11,1,0
BRDA:125,12,0,0
BRDA:150,13,0,0
BRDA:184,14,0,0
BRDA:184,14,1,0
BRDA:189,15,0,0
BRDA:203,16,0,0
BRDA:203,16,1,0
BRF:23
BRH:0
end_of_record
TN:
SF:src\middleware\authMiddleware.ts
FN:35,(anonymous_7)
FN:42,(anonymous_8)
FN:59,(anonymous_9)
FN:67,(anonymous_10)
FN:68,(anonymous_11)
FN:68,(anonymous_12)
FN:127,(anonymous_13)
FN:134,(anonymous_14)
FN:141,(anonymous_15)
FN:148,(anonymous_16)
FN:158,(anonymous_17)
FN:168,(anonymous_18)
FN:178,(anonymous_19)
FN:179,(anonymous_20)
FN:179,(anonymous_21)
FN:199,(anonymous_22)
FN:200,(anonymous_23)
FN:200,(anonymous_24)
FN:232,(anonymous_25)
FN:233,(anonymous_26)
FN:233,(anonymous_27)
FN:271,(anonymous_28)
FN:272,(anonymous_29)
FN:272,(anonymous_30)
FN:299,(anonymous_31)
FN:317,(anonymous_32)
FN:344,(anonymous_34)
FN:358,(anonymous_36)
FN:390,(anonymous_38)
FN:427,(anonymous_40)
FN:443,(anonymous_42)
FN:469,createAuthMiddleware
FN:474,requireAuth
FN:479,requireRole
FN:484,requireAdmin
FNF:35
FNH:0
FNDA:0,(anonymous_7)
FNDA:0,(anonymous_8)
FNDA:0,(anonymous_9)
FNDA:0,(anonymous_10)
FNDA:0,(anonymous_11)
FNDA:0,(anonymous_12)
FNDA:0,(anonymous_13)
FNDA:0,(anonymous_14)
FNDA:0,(anonymous_15)
FNDA:0,(anonymous_16)
FNDA:0,(anonymous_17)
FNDA:0,(anonymous_18)
FNDA:0,(anonymous_19)
FNDA:0,(anonymous_20)
FNDA:0,(anonymous_21)
FNDA:0,(anonymous_22)
FNDA:0,(anonymous_23)
FNDA:0,(anonymous_24)
FNDA:0,(anonymous_25)
FNDA:0,(anonymous_26)
FNDA:0,(anonymous_27)
FNDA:0,(anonymous_28)
FNDA:0,(anonymous_29)
FNDA:0,(anonymous_30)
FNDA:0,(anonymous_31)
FNDA:0,(anonymous_32)
FNDA:0,(anonymous_34)
FNDA:0,(anonymous_36)
FNDA:0,(anonymous_38)
FNDA:0,(anonymous_40)
FNDA:0,(anonymous_42)
FNDA:0,createAuthMiddleware
FNDA:0,requireAuth
FNDA:0,requireRole
FNDA:0,requireAdmin
DA:15,0
DA:34,0
DA:35,0
DA:36,0
DA:37,0
DA:41,0
DA:42,0
DA:43,0
DA:44,0
DA:55,0
DA:60,0
DA:61,0
DA:68,0
DA:69,0
DA:70,0
DA:73,0
DA:74,0
DA:78,0
DA:79,0
DA:82,0
DA:84,0
DA:87,0
DA:90,0
DA:91,0
DA:92,0
DA:95,0
DA:99,0
DA:100,0
DA:101,0
DA:106,0
DA:107,0
DA:111,0
DA:112,0
DA:117,0
DA:119,0
DA:128,0
DA:135,0
DA:142,0
DA:149,0
DA:159,0
DA:169,0
DA:179,0
DA:180,0
DA:181,0
DA:182,0
DA:185,0
DA:186,0
DA:189,0
DA:191,0
DA:200,0
DA:201,0
DA:202,0
DA:203,0
DA:206,0
DA:208,0
DA:209,0
DA:213,0
DA:214,0
DA:218,0
DA:219,0
DA:222,0
DA:224,0
DA:233,0
DA:234,0
DA:235,0
DA:236,0
DA:239,0
DA:241,0
DA:242,0
DA:246,0
DA:247,0
DA:251,0
DA:257,0
DA:258,0
DA:261,0
DA:263,0
DA:272,0
DA:273,0
DA:274,0
DA:276,0
DA:277,0
DA:281,0
DA:283,0
DA:284,0
DA:287,0
DA:289,0
DA:300,0
DA:302,0
DA:303,0
DA:307,0
DA:308,0
DA:311,0
DA:318,0
DA:319,0
DA:334,0
DA:336,0
DA:337,0
DA:345,0
DA:346,0
DA:351,0
DA:362,0
DA:366,0
DA:371,0
DA:374,0
DA:375,0
DA:380,0
DA:382,0
DA:383,0
DA:395,0
DA:396,0
DA:398,0
DA:402,0
DA:405,0
DA:409,0
DA:413,0
DA:416,0
DA:419,0
DA:420,0
DA:428,0
DA:433,0
DA:435,0
DA:436,0
DA:444,0
DA:446,0
DA:447,0
DA:452,0
DA:453,0
DA:459,0
DA:469,0
DA:470,0
DA:474,0
DA:475,0
DA:476,0
DA:479,0
DA:480,0
DA:481,0
DA:484,0
DA:485,0
DA:486,0
LF:139
LH:0
BRDA:35,0,0,0
BRDA:42,1,0,0
BRDA:67,2,0,0
BRDA:73,3,0,0
BRDA:73,4,0,0
BRDA:73,4,1,0
BRDA:78,5,0,0
BRDA:78,6,0,0
BRDA:78,6,1,0
BRDA:82,7,0,0
BRDA:91,8,0,0
BRDA:99,9,0,0
BRDA:99,10,0,0
BRDA:99,10,1,0
BRDA:100,11,0,0
BRDA:106,12,0,0
BRDA:106,13,0,0
BRDA:106,13,1,0
BRDA:111,14,0,0
BRDA:181,15,0,0
BRDA:185,16,0,0
BRDA:202,17,0,0
BRDA:208,18,0,0
BRDA:213,19,0,0
BRDA:218,20,0,0
BRDA:235,21,0,0
BRDA:241,22,0,0
BRDA:246,23,0,0
BRDA:257,24,0,0
BRDA:276,25,0,0
BRDA:283,26,0,0
BRDA:302,27,0,0
BRDA:302,28,0,0
BRDA:302,28,1,0
BRDA:307,29,0,0
BRDA:307,30,0,0
BRDA:307,30,1,0
BRDA:371,31,0,0
BRDA:374,32,0,0
BRDA:396,33,0,0
BRDA:396,33,1,0
BRDA:396,33,2,0
BRDA:396,33,3,0
BRDA:402,34,0,0
BRDA:402,34,1,0
BRDA:402,35,0,0
BRDA:402,35,1,0
BRDA:409,36,0,0
BRDA:409,36,1,0
BRDA:409,37,0,0
BRDA:409,37,1,0
BRDA:446,38,0,0
BRDA:446,38,1,0
BRDA:452,39,0,0
BRDA:452,39,1,0
BRF:55
BRH:0
end_of_record
TN:
SF:src\middleware\rateLimiter.ts
FN:44,(anonymous_7)
FN:59,(anonymous_8)
FN:67,(anonymous_9)
FN:68,(anonymous_10)
FN:68,(anonymous_11)
FN:109,(anonymous_12)
FN:110,(anonymous_13)
FN:110,(anonymous_14)
FN:173,(anonymous_15)
FN:174,(anonymous_16)
FN:174,(anonymous_17)
FN:199,(anonymous_18)
FN:199,(anonymous_19)
FN:220,(anonymous_20)
FN:229,(anonymous_21)
FN:237,(anonymous_22)
FN:241,(anonymous_23)
FN:253,(anonymous_24)
FN:257,(anonymous_25)
FN:264,(anonymous_26)
FN:268,(anonymous_27)
FN:278,(anonymous_28)
FN:295,(anonymous_29)
FN:306,(anonymous_31)
FN:306,(anonymous_32)
FN:313,(anonymous_33)
FN:321,(anonymous_35)
FN:328,(anonymous_37)
FN:344,(anonymous_39)
FN:386,(anonymous_41)
FN:399,(anonymous_42)
FN:409,(anonymous_43)
FN:418,(anonymous_45)
FN:425,(anonymous_47)
FN:433,(anonymous_49)
FN:469,(anonymous_51)
FN:498,(anonymous_52)
FN:533,createRateLimiter
FN:538,createStandardRateLimits
FNF:39
FNH:0
FNDA:0,(anonymous_7)
FNDA:0,(anonymous_8)
FNDA:0,(anonymous_9)
FNDA:0,(anonymous_10)
FNDA:0,(anonymous_11)
FNDA:0,(anonymous_12)
FNDA:0,(anonymous_13)
FNDA:0,(anonymous_14)
FNDA:0,(anonymous_15)
FNDA:0,(anonymous_16)
FNDA:0,(anonymous_17)
FNDA:0,(anonymous_18)
FNDA:0,(anonymous_19)
FNDA:0,(anonymous_20)
FNDA:0,(anonymous_21)
FNDA:0,(anonymous_22)
FNDA:0,(anonymous_23)
FNDA:0,(anonymous_24)
FNDA:0,(anonymous_25)
FNDA:0,(anonymous_26)
FNDA:0,(anonymous_27)
FNDA:0,(anonymous_28)
FNDA:0,(anonymous_29)
FNDA:0,(anonymous_31)
FNDA:0,(anonymous_32)
FNDA:0,(anonymous_33)
FNDA:0,(anonymous_35)
FNDA:0,(anonymous_37)
FNDA:0,(anonymous_39)
FNDA:0,(anonymous_41)
FNDA:0,(anonymous_42)
FNDA:0,(anonymous_43)
FNDA:0,(anonymous_45)
FNDA:0,(anonymous_47)
FNDA:0,(anonymous_49)
FNDA:0,(anonymous_51)
FNDA:0,(anonymous_52)
FNDA:0,createRateLimiter
FNDA:0,createStandardRateLimits
DA:44,0
DA:45,0
DA:46,0
DA:47,0
DA:48,0
DA:51,0
DA:54,0
DA:55,0
DA:56,0
DA:57,0
DA:60,0
DA:61,0
DA:68,0
DA:69,0
DA:70,0
DA:71,0
DA:74,0
DA:81,0
DA:83,0
DA:85,0
DA:86,0
DA:88,0
DA:95,0
DA:98,0
DA:100,0
DA:101,0
DA:110,0
DA:111,0
DA:112,0
DA:115,0
DA:116,0
DA:119,0
DA:120,0
DA:125,0
DA:129,0
DA:130,0
DA:132,0
DA:133,0
DA:136,0
DA:143,0
DA:145,0
DA:148,0
DA:150,0
DA:156,0
DA:160,0
DA:162,0
DA:164,0
DA:165,0
DA:174,0
DA:175,0
DA:176,0
DA:177,0
DA:179,0
DA:180,0
DA:182,0
DA:184,0
DA:186,0
DA:192,0
DA:196,0
DA:199,0
DA:200,0
DA:202,0
DA:203,0
DA:204,0
DA:206,0
DA:211,0
DA:212,0
DA:221,0
DA:229,0
DA:238,0
DA:242,0
DA:243,0
DA:244,0
DA:254,0
DA:257,0
DA:265,0
DA:269,0
DA:270,0
DA:279,0
DA:296,0
DA:297,0
DA:299,0
DA:306,0
DA:307,0
DA:314,0
DA:315,0
DA:322,0
DA:329,0
DA:330,0
DA:332,0
DA:345,0
DA:346,0
DA:347,0
DA:350,0
DA:351,0
DA:353,0
DA:354,0
DA:355,0
DA:357,0
DA:366,0
DA:369,0
DA:370,0
DA:373,0
DA:375,0
DA:387,0
DA:400,0
DA:401,0
DA:402,0
DA:403,0
DA:410,0
DA:411,0
DA:412,0
DA:419,0
DA:426,0
DA:427,0
DA:434,0
DA:435,0
DA:437,0
DA:439,0
DA:440,0
DA:441,0
DA:442,0
DA:444,0
DA:445,0
DA:446,0
DA:449,0
DA:450,0
DA:451,0
DA:452,0
DA:453,0
DA:454,0
DA:455,0
DA:457,0
DA:461,0
DA:462,0
DA:473,0
DA:475,0
DA:477,0
DA:478,0
DA:480,0
DA:481,0
DA:483,0
DA:484,0
DA:486,0
DA:489,0
DA:503,0
DA:504,0
DA:516,0
DA:525,0
DA:527,0
DA:533,0
DA:534,0
DA:538,0
DA:539,0
DA:541,0
LF:155
LH:0
BRDA:44,0,0,0
BRDA:44,0,1,0
BRDA:70,1,0,0
BRDA:70,1,1,0
BRDA:81,2,0,0
BRDA:85,3,0,0
BRDA:85,3,1,0
BRDA:115,4,0,0
BRDA:115,5,0,0
BRDA:115,5,1,0
BRDA:119,6,0,0
BRDA:119,7,0,0
BRDA:119,7,1,0
BRDA:132,8,0,0
BRDA:132,8,1,0
BRDA:143,9,0,0
BRDA:173,10,0,0
BRDA:173,11,0,0
BRDA:180,12,0,0
BRDA:180,12,1,0
BRDA:182,13,0,0
BRDA:200,14,0,0
BRDA:200,14,1,0
BRDA:200,15,0,0
BRDA:200,15,1,0
BRDA:204,16,0,0
BRDA:204,17,0,0
BRDA:204,17,1,0
BRDA:242,18,0,0
BRDA:242,18,1,0
BRDA:242,19,0,0
BRDA:242,19,1,0
BRDA:244,20,0,0
BRDA:244,20,1,0
BRDA:269,21,0,0
BRDA:269,21,1,0
BRDA:269,22,0,0
BRDA:269,22,1,0
BRDA:270,23,0,0
BRDA:270,23,1,0
BRDA:296,24,0,0
BRDA:296,24,1,0
BRDA:306,25,0,0
BRDA:334,26,0,0
BRDA:334,26,1,0
BRDA:335,27,0,0
BRDA:335,27,1,0
BRDA:351,28,0,0
BRDA:351,28,1,0
BRDA:353,29,0,0
BRDA:369,30,0,0
BRDA:388,31,0,0
BRDA:388,31,1,0
BRDA:388,31,2,0
BRDA:388,31,3,0
BRDA:388,31,4,0
BRDA:390,32,0,0
BRDA:390,32,1,0
BRDA:390,33,0,0
BRDA:390,33,1,0
BRDA:390,34,0,0
BRDA:390,34,1,0
BRDA:390,35,0,0
BRDA:390,35,1,0
BRDA:401,36,0,0
BRDA:401,36,1,0
BRDA:412,37,0,0
BRDA:412,37,1,0
BRDA:427,38,0,0
BRDA:427,38,1,0
BRDA:439,39,0,0
BRDA:439,39,1,0
BRDA:440,40,0,0
BRDA:440,40,1,0
BRDA:442,41,0,0
BRDA:445,42,0,0
BRDA:449,43,0,0
BRDA:450,44,0,0
BRDA:450,44,1,0
BRDA:452,45,0,0
BRDA:452,45,1,0
BRDA:454,46,0,0
BRDA:461,47,0,0
BRDA:475,48,0,0
BRDA:475,48,1,0
BRDA:475,48,2,0
BRDA:475,48,3,0
BRF:87
BRH:0
end_of_record
TN:
SF:src\models\Conversation.ts
FN:42,(anonymous_7)
FN:44,(anonymous_8)
FN:45,(anonymous_9)
FN:92,(anonymous_10)
FN:108,(anonymous_11)
FN:109,(anonymous_12)
FN:143,(anonymous_13)
FN:144,(anonymous_14)
FN:162,(anonymous_15)
FN:181,(anonymous_17)
FN:200,(anonymous_19)
FN:221,(anonymous_21)
FN:245,(anonymous_23)
FN:271,(anonymous_25)
FN:272,(anonymous_26)
FN:275,(anonymous_27)
FN:276,(anonymous_28)
FN:277,(anonymous_29)
FN:280,(anonymous_30)
FN:281,(anonymous_31)
FN:284,(anonymous_32)
FN:285,(anonymous_33)
FN:290,(anonymous_34)
FN:294,(anonymous_35)
FN:306,(anonymous_36)
FN:307,(anonymous_37)
FN:379,(anonymous_38)
FN:395,(anonymous_39)
FN:439,(anonymous_41)
FN:440,(anonymous_42)
FN:473,(anonymous_43)
FNF:31
FNH:0
FNDA:0,(anonymous_7)
FNDA:0,(anonymous_8)
FNDA:0,(anonymous_9)
FNDA:0,(anonymous_10)
FNDA:0,(anonymous_11)
FNDA:0,(anonymous_12)
FNDA:0,(anonymous_13)
FNDA:0,(anonymous_14)
FNDA:0,(anonymous_15)
FNDA:0,(anonymous_17)
FNDA:0,(anonymous_19)
FNDA:0,(anonymous_21)
FNDA:0,(anonymous_23)
FNDA:0,(anonymous_25)
FNDA:0,(anonymous_26)
FNDA:0,(anonymous_27)
FNDA:0,(anonymous_28)
FNDA:0,(anonymous_29)
FNDA:0,(anonymous_30)
FNDA:0,(anonymous_31)
FNDA:0,(anonymous_32)
FNDA:0,(anonymous_33)
FNDA:0,(anonymous_34)
FNDA:0,(anonymous_35)
FNDA:0,(anonymous_36)
FNDA:0,(anonymous_37)
FNDA:0,(anonymous_38)
FNDA:0,(anonymous_39)
FNDA:0,(anonymous_41)
FNDA:0,(anonymous_42)
FNDA:0,(anonymous_43)
DA:41,0
DA:42,0
DA:45,0
DA:53,0
DA:54,0
DA:56,0
DA:62,0
DA:92,0
DA:102,0
DA:109,0
DA:113,0
DA:140,0
DA:144,0
DA:148,0
DA:167,0
DA:168,0
DA:176,0
DA:177,0
DA:186,0
DA:187,0
DA:195,0
DA:196,0
DA:204,0
DA:205,0
DA:216,0
DA:217,0
DA:225,0
DA:227,0
DA:236,0
DA:238,0
DA:240,0
DA:241,0
DA:249,0
DA:250,0
DA:268,0
DA:270,0
DA:271,0
DA:272,0
DA:274,0
DA:275,0
DA:276,0
DA:277,0
DA:279,0
DA:280,0
DA:281,0
DA:283,0
DA:284,0
DA:285,0
DA:287,0
DA:290,0
DA:294,0
DA:301,0
DA:302,0
DA:307,0
DA:314,0
DA:316,0
DA:317,0
DA:379,0
DA:390,0
DA:391,0
DA:396,0
DA:397,0
DA:411,0
DA:424,0
DA:435,0
DA:440,0
DA:443,0
DA:473,0
LF:68
LH:0
BRDA:46,0,0,0
BRDA:53,1,0,0
BRDA:53,2,0,0
BRDA:53,3,0,0
BRDA:58,4,0,0
BRDA:58,4,1,0
BRDA:59,5,0,0
BRDA:59,5,1,0
BRDA:96,6,0,0
BRDA:96,6,1,0
BRDA:97,7,0,0
BRDA:97,7,1,0
BRDA:111,8,0,0
BRDA:120,9,0,0
BRDA:120,9,1,0
BRDA:145,10,0,0
BRDA:146,11,0,0
BRDA:268,12,0,0
BRDA:284,13,0,0
BRDA:284,13,1,0
BRDA:289,14,0,0
BRDA:289,14,1,0
BRDA:293,15,0,0
BRDA:293,15,1,0
BRDA:309,16,0,0
BRDA:314,17,0,0
BRDA:314,18,0,0
BRDA:348,19,0,0
BRDA:348,19,1,0
BRDA:383,20,0,0
BRDA:383,20,1,0
BRDA:384,21,0,0
BRDA:384,21,1,0
BRDA:427,22,0,0
BRDA:427,22,1,0
BRDA:429,23,0,0
BRDA:429,23,1,0
BRDA:430,24,0,0
BRDA:430,24,1,0
BRDA:430,25,0,0
BRDA:430,25,1,0
BRDA:441,26,0,0
BRDA:477,27,0,0
BRDA:477,27,1,0
BRDA:478,28,0,0
BRDA:478,28,1,0
BRF:46
BRH:0
end_of_record
TN:
SF:src\services\AuthService.ts
FN:97,(anonymous_8)
FN:105,(anonymous_9)
FN:167,(anonymous_11)
FN:220,(anonymous_13)
FN:275,(anonymous_15)
FN:305,(anonymous_17)
FN:344,(anonymous_19)
FN:361,(anonymous_21)
FN:405,(anonymous_23)
FN:456,(anonymous_25)
FN:457,(anonymous_26)
FN:482,(anonymous_27)
FN:489,(anonymous_29)
FN:508,(anonymous_30)
FN:520,(anonymous_32)
FN:532,(anonymous_34)
FN:540,(anonymous_36)
FN:563,(anonymous_38)
FN:576,(anonymous_40)
FN:590,(anonymous_42)
FN:602,(anonymous_44)
FN:621,(anonymous_45)
FN:636,(anonymous_47)
FN:637,(anonymous_48)
FNF:24
FNH:0
FNDA:0,(anonymous_8)
FNDA:0,(anonymous_9)
FNDA:0,(anonymous_11)
FNDA:0,(anonymous_13)
FNDA:0,(anonymous_15)
FNDA:0,(anonymous_17)
FNDA:0,(anonymous_19)
FNDA:0,(anonymous_21)
FNDA:0,(anonymous_23)
FNDA:0,(anonymous_25)
FNDA:0,(anonymous_26)
FNDA:0,(anonymous_27)
FNDA:0,(anonymous_29)
FNDA:0,(anonymous_30)
FNDA:0,(anonymous_32)
FNDA:0,(anonymous_34)
FNDA:0,(anonymous_36)
FNDA:0,(anonymous_38)
FNDA:0,(anonymous_40)
FNDA:0,(anonymous_42)
FNDA:0,(anonymous_44)
FNDA:0,(anonymous_45)
FNDA:0,(anonymous_47)
FNDA:0,(anonymous_48)
DA:14,0
DA:15,0
DA:16,0
DA:70,0
DA:93,0
DA:98,0
DA:99,0
DA:106,0
DA:109,0
DA:112,0
DA:117,0
DA:118,0
DA:119,0
DA:123,0
DA:124,0
DA:128,0
DA:129,0
DA:130,0
DA:131,0
DA:132,0
DA:136,0
DA:137,0
DA:140,0
DA:143,0
DA:150,0
DA:153,0
DA:155,0
DA:157,0
DA:168,0
DA:171,0
DA:174,0
DA:178,0
DA:179,0
DA:183,0
DA:186,0
DA:200,0
DA:203,0
DA:206,0
DA:208,0
DA:210,0
DA:221,0
DA:223,0
DA:229,0
DA:232,0
DA:233,0
DA:237,0
DA:246,0
DA:247,0
DA:251,0
DA:254,0
DA:264,0
DA:266,0
DA:268,0
DA:276,0
DA:278,0
DA:280,0
DA:282,0
DA:288,0
DA:292,0
DA:293,0
DA:294,0
DA:298,0
DA:306,0
DA:308,0
DA:314,0
DA:317,0
DA:318,0
DA:322,0
DA:331,0
DA:332,0
DA:335,0
DA:337,0
DA:345,0
DA:350,0
DA:351,0
DA:354,0
DA:355,0
DA:367,0
DA:371,0
DA:372,0
DA:376,0
DA:377,0
DA:378,0
DA:382,0
DA:385,0
DA:388,0
DA:394,0
DA:397,0
DA:406,0
DA:409,0
DA:421,0
DA:424,0
DA:431,0
DA:439,0
DA:445,0
DA:457,0
DA:465,0
DA:483,0
DA:490,0
DA:491,0
DA:495,0
DA:496,0
DA:497,0
DA:498,0
DA:500,0
DA:501,0
DA:509,0
DA:510,0
DA:512,0
DA:513,0
DA:521,0
DA:522,0
DA:524,0
DA:525,0
DA:533,0
DA:534,0
DA:541,0
DA:546,0
DA:547,0
DA:550,0
DA:551,0
DA:554,0
DA:564,0
DA:577,0
DA:591,0
DA:594,0
DA:596,0
DA:603,0
DA:604,0
DA:606,0
DA:607,0
DA:609,0
DA:610,0
DA:611,0
DA:612,0
DA:613,0
DA:614,0
DA:622,0
DA:637,0
DA:641,0
DA:642,0
DA:652,0
LF:142
LH:0
BRDA:72,0,0,0
BRDA:72,0,1,0
BRDA:73,1,0,0
BRDA:73,1,1,0
BRDA:117,2,0,0
BRDA:123,3,0,0
BRDA:123,4,0,0
BRDA:123,4,1,0
BRDA:129,5,0,0
BRDA:178,6,0,0
BRDA:193,7,0,0
BRDA:193,7,1,0
BRDA:232,8,0,0
BRDA:246,9,0,0
BRDA:246,10,0,0
BRDA:246,10,1,0
BRDA:280,11,0,0
BRDA:280,12,0,0
BRDA:280,12,1,0
BRDA:293,13,0,0
BRDA:317,14,0,0
BRDA:331,15,0,0
BRDA:350,16,0,0
BRDA:371,17,0,0
BRDA:377,18,0,0
BRDA:413,19,0,0
BRDA:413,19,1,0
BRDA:459,20,0,0
BRDA:470,21,0,0
BRDA:470,21,1,0
BRDA:471,22,0,0
BRDA:471,22,1,0
BRDA:490,23,0,0
BRDA:500,24,0,0
BRDA:500,25,0,0
BRDA:500,25,1,0
BRDA:500,25,2,0
BRDA:500,25,3,0
BRDA:512,26,0,0
BRDA:512,27,0,0
BRDA:512,27,1,0
BRDA:524,28,0,0
BRDA:546,29,0,0
BRDA:546,29,1,0
BRDA:546,30,0,0
BRDA:546,30,1,0
BRDA:546,31,0,0
BRDA:546,31,1,0
BRDA:550,32,0,0
BRDA:604,33,0,0
BRDA:609,34,0,0
BRDA:609,34,1,0
BRDA:609,34,2,0
BRDA:609,34,3,0
BRDA:609,34,4,0
BRDA:639,35,0,0
BRF:56
BRH:0
end_of_record
TN:
SF:src\services\RAGService.ts
FN:59,(anonymous_7)
FN:72,(anonymous_8)
FN:76,(anonymous_9)
FN:123,(anonymous_11)
FN:125,(anonymous_12)
FN:147,(anonymous_13)
FN:188,(anonymous_15)
FN:231,(anonymous_17)
FN:260,(anonymous_19)
FN:260,(anonymous_20)
FN:287,(anonymous_21)
FN:288,(anonymous_22)
FN:297,(anonymous_23)
FN:346,(anonymous_25)
FN:364,(anonymous_26)
FN:379,(anonymous_27)
FN:385,(anonymous_28)
FN:400,(anonymous_29)
FN:410,(anonymous_30)
FN:431,(anonymous_31)
FN:437,(anonymous_33)
FN:437,(anonymous_34)
FN:438,(anonymous_35)
FN:438,(anonymous_36)
FN:443,(anonymous_37)
FN:464,(anonymous_38)
FN:476,(anonymous_39)
FN:478,(anonymous_40)
FN:479,(anonymous_41)
FN:481,(anonymous_42)
FN:487,(anonymous_43)
FN:509,(anonymous_45)
FNF:32
FNH:0
FNDA:0,(anonymous_7)
FNDA:0,(anonymous_8)
FNDA:0,(anonymous_9)
FNDA:0,(anonymous_11)
FNDA:0,(anonymous_12)
FNDA:0,(anonymous_13)
FNDA:0,(anonymous_15)
FNDA:0,(anonymous_17)
FNDA:0,(anonymous_19)
FNDA:0,(anonymous_20)
FNDA:0,(anonymous_21)
FNDA:0,(anonymous_22)
FNDA:0,(anonymous_23)
FNDA:0,(anonymous_25)
FNDA:0,(anonymous_26)
FNDA:0,(anonymous_27)
FNDA:0,(anonymous_28)
FNDA:0,(anonymous_29)
FNDA:0,(anonymous_30)
FNDA:0,(anonymous_31)
FNDA:0,(anonymous_33)
FNDA:0,(anonymous_34)
FNDA:0,(anonymous_35)
FNDA:0,(anonymous_36)
FNDA:0,(anonymous_37)
FNDA:0,(anonymous_38)
FNDA:0,(anonymous_39)
FNDA:0,(anonymous_40)
FNDA:0,(anonymous_41)
FNDA:0,(anonymous_42)
FNDA:0,(anonymous_43)
FNDA:0,(anonymous_45)
DA:2,0
DA:3,0
DA:4,0
DA:54,0
DA:59,0
DA:60,0
DA:64,0
DA:69,0
DA:72,0
DA:77,0
DA:79,0
DA:80,0
DA:83,0
DA:95,0
DA:105,0
DA:112,0
DA:123,0
DA:125,0
DA:140,0
DA:143,0
DA:148,0
DA:149,0
DA:175,0
DA:177,0
DA:183,0
DA:184,0
DA:189,0
DA:190,0
DA:215,0
DA:216,0
DA:217,0
DA:218,0
DA:220,0
DA:223,0
DA:226,0
DA:227,0
DA:236,0
DA:238,0
DA:241,0
DA:260,0
DA:262,0
DA:263,0
DA:265,0
DA:286,0
DA:287,0
DA:288,0
DA:292,0
DA:293,0
DA:306,0
DA:308,0
DA:309,0
DA:327,0
DA:328,0
DA:330,0
DA:337,0
DA:338,0
DA:354,0
DA:364,0
DA:378,0
DA:380,0
DA:384,0
DA:386,0
DA:390,0
DA:397,0
DA:406,0
DA:409,0
DA:410,0
DA:411,0
DA:415,0
DA:418,0
DA:419,0
DA:420,0
DA:424,0
DA:425,0
DA:428,0
DA:433,0
DA:434,0
DA:436,0
DA:437,0
DA:438,0
DA:440,0
DA:444,0
DA:450,0
DA:465,0
DA:471,0
DA:478,0
DA:479,0
DA:481,0
DA:482,0
DA:484,0
DA:489,0
DA:491,0
DA:494,0
DA:495,0
DA:497,0
DA:498,0
DA:499,0
DA:500,0
DA:501,0
DA:505,0
DA:510,0
DA:511,0
DA:514,0
DA:515,0
DA:516,0
DA:518,0
DA:519,0
DA:520,0
DA:521,0
DA:524,0
DA:525,0
DA:527,0
DA:528,0
DA:531,0
LF:114
LH:0
BRDA:87,0,0,0
BRDA:87,0,1,0
BRDA:99,1,0,0
BRDA:99,1,1,0
BRDA:175,2,0,0
BRDA:175,2,1,0
BRDA:175,3,0,0
BRDA:175,3,1,0
BRDA:175,4,0,0
BRDA:175,4,1,0
BRDA:175,5,0,0
BRDA:175,5,1,0
BRDA:175,6,0,0
BRDA:175,6,1,0
BRDA:175,7,0,0
BRDA:175,7,1,0
BRDA:175,8,0,0
BRDA:175,8,1,0
BRDA:215,9,0,0
BRDA:215,9,1,0
BRDA:215,10,0,0
BRDA:215,10,1,0
BRDA:215,11,0,0
BRDA:215,11,1,0
BRDA:215,12,0,0
BRDA:215,12,1,0
BRDA:216,13,0,0
BRDA:246,14,0,0
BRDA:246,14,1,0
BRDA:262,15,0,0
BRDA:262,15,1,0
BRDA:263,16,0,0
BRDA:263,16,1,0
BRDA:273,17,0,0
BRDA:273,17,1,0
BRDA:327,18,0,0
BRDA:327,18,1,0
BRDA:327,19,0,0
BRDA:327,19,1,0
BRDA:327,20,0,0
BRDA:327,20,1,0
BRDA:327,21,0,0
BRDA:327,21,1,0
BRDA:327,22,0,0
BRDA:327,22,1,0
BRDA:328,23,0,0
BRDA:328,23,1,0
BRDA:328,24,0,0
BRDA:328,24,1,0
BRDA:328,25,0,0
BRDA:328,25,1,0
BRDA:358,26,0,0
BRDA:358,26,1,0
BRDA:359,27,0,0
BRDA:359,27,1,0
BRDA:360,28,0,0
BRDA:360,28,1,0
BRDA:361,29,0,0
BRDA:361,29,1,0
BRDA:378,30,0,0
BRDA:378,30,1,0
BRDA:384,31,0,0
BRDA:384,31,1,0
BRDA:386,32,0,0
BRDA:386,32,1,0
BRDA:390,33,0,0
BRDA:390,33,1,0
BRDA:409,34,0,0
BRDA:415,35,0,0
BRDA:415,35,1,0
BRDA:419,36,0,0
BRDA:419,37,0,0
BRDA:419,37,1,0
BRDA:424,38,0,0
BRDA:472,39,0,0
BRDA:472,39,1,0
BRDA:491,40,0,0
BRDA:499,41,0,0
BRDA:505,42,0,0
BRDA:505,42,1,0
BRDA:510,43,0,0
BRDA:527,44,0,0
BRDA:527,45,0,0
BRDA:527,45,1,0
BRF:84
BRH:0
end_of_record
TN:
SF:src\websocket\chatSocket.ts
FN:32,(anonymous_7)
FN:34,(anonymous_8)
FN:37,(anonymous_9)
FN:74,(anonymous_11)
FN:79,(anonymous_12)
FN:83,(anonymous_13)
FN:96,(anonymous_14)
FN:136,(anonymous_16)
FN:173,(anonymous_18)
FN:192,(anonymous_19)
FN:198,(anonymous_20)
FN:203,(anonymous_21)
FN:219,(anonymous_22)
FN:237,(anonymous_23)
FN:250,(anonymous_24)
FN:266,(anonymous_25)
FN:285,(anonymous_26)
FN:289,(anonymous_27)
FN:293,(anonymous_28)
FN:298,(anonymous_29)
FN:313,(anonymous_30)
FN:347,(anonymous_32)
FN:361,(anonymous_33)
FN:377,(anonymous_34)
FN:391,(anonymous_35)
FN:410,registerChatWebSocket
FN:418,(anonymous_38)
FN:419,(anonymous_40)
FN:425,(anonymous_41)
FN:425,(anonymous_42)
FNF:30
FNH:0
FNDA:0,(anonymous_7)
FNDA:0,(anonymous_8)
FNDA:0,(anonymous_9)
FNDA:0,(anonymous_11)
FNDA:0,(anonymous_12)
FNDA:0,(anonymous_13)
FNDA:0,(anonymous_14)
FNDA:0,(anonymous_16)
FNDA:0,(anonymous_18)
FNDA:0,(anonymous_19)
FNDA:0,(anonymous_20)
FNDA:0,(anonymous_21)
FNDA:0,(anonymous_22)
FNDA:0,(anonymous_23)
FNDA:0,(anonymous_24)
FNDA:0,(anonymous_25)
FNDA:0,(anonymous_26)
FNDA:0,(anonymous_27)
FNDA:0,(anonymous_28)
FNDA:0,(anonymous_29)
FNDA:0,(anonymous_30)
FNDA:0,(anonymous_32)
FNDA:0,(anonymous_33)
FNDA:0,(anonymous_34)
FNDA:0,(anonymous_35)
FNDA:0,registerChatWebSocket
FNDA:0,(anonymous_38)
FNDA:0,(anonymous_40)
FNDA:0,(anonymous_41)
FNDA:0,(anonymous_42)
DA:3,0
DA:28,0
DA:29,0
DA:30,0
DA:32,0
DA:34,0
DA:38,0
DA:40,0
DA:41,0
DA:43,0
DA:44,0
DA:48,0
DA:49,0
DA:53,0
DA:61,0
DA:64,0
DA:74,0
DA:75,0
DA:79,0
DA:80,0
DA:83,0
DA:84,0
DA:85,0
DA:88,0
DA:91,0
DA:92,0
DA:97,0
DA:98,0
DA:99,0
DA:102,0
DA:104,0
DA:106,0
DA:108,0
DA:109,0
DA:112,0
DA:113,0
DA:116,0
DA:117,0
DA:120,0
DA:121,0
DA:124,0
DA:128,0
DA:129,0
DA:137,0
DA:138,0
DA:140,0
DA:141,0
DA:144,0
DA:145,0
DA:149,0
DA:150,0
DA:162,0
DA:165,0
DA:166,0
DA:174,0
DA:176,0
DA:177,0
DA:180,0
DA:191,0
DA:192,0
DA:193,0
DA:200,0
DA:204,0
DA:205,0
DA:208,0
DA:209,0
DA:213,0
DA:215,0
DA:220,0
DA:221,0
DA:222,0
DA:225,0
DA:226,0
DA:230,0
DA:232,0
DA:233,0
DA:238,0
DA:239,0
DA:241,0
DA:242,0
DA:244,0
DA:245,0
DA:251,0
DA:252,0
DA:255,0
DA:258,0
DA:259,0
DA:261,0
DA:263,0
DA:267,0
DA:268,0
DA:269,0
DA:272,0
DA:273,0
DA:274,0
DA:277,0
DA:278,0
DA:282,0
DA:286,0
DA:290,0
DA:294,0
DA:300,0
DA:301,0
DA:305,0
DA:306,0
DA:307,0
DA:310,0
DA:314,0
DA:316,0
DA:317,0
DA:320,0
DA:331,0
DA:332,0
DA:335,0
DA:342,0
DA:343,0
DA:348,0
DA:349,0
DA:351,0
DA:352,0
DA:353,0
DA:354,0
DA:355,0
DA:362,0
DA:363,0
DA:364,0
DA:378,0
DA:379,0
DA:380,0
DA:392,0
DA:393,0
DA:394,0
DA:410,0
DA:412,0
DA:415,0
DA:418,0
DA:419,0
DA:420,0
DA:425,0
DA:426,0
DA:427,0
DA:434,0
LF:142
LH:0
BRDA:43,0,0,0
BRDA:99,1,0,0
BRDA:106,2,0,0
BRDA:106,2,1,0
BRDA:106,2,2,0
BRDA:106,2,3,0
BRDA:106,2,4,0
BRDA:138,3,0,0
BRDA:138,4,0,0
BRDA:138,4,1,0
BRDA:138,5,0,0
BRDA:138,5,1,0
BRDA:141,6,0,0
BRDA:144,7,0,0
BRDA:149,8,0,0
BRDA:174,9,0,0
BRDA:177,10,0,0
BRDA:181,11,0,0
BRDA:181,11,1,0
BRDA:191,12,0,0
BRDA:205,13,0,0
BRDA:221,14,0,0
BRDA:221,15,0,0
BRDA:221,15,1,0
BRDA:239,16,0,0
BRDA:242,17,0,0
BRDA:242,18,0,0
BRDA:242,18,1,0
BRDA:244,19,0,0
BRDA:252,20,0,0
BRDA:258,21,0,0
BRDA:268,22,0,0
BRDA:273,23,0,0
BRDA:277,24,0,0
BRDA:294,25,0,0
BRDA:294,25,1,0
BRDA:300,26,0,0
BRDA:300,27,0,0
BRDA:300,27,1,0
BRDA:300,28,0,0
BRDA:300,28,1,0
BRDA:305,29,0,0
BRDA:305,29,1,0
BRDA:305,30,0,0
BRDA:305,30,1,0
BRDA:306,31,0,0
BRDA:306,32,0,0
BRDA:306,32,1,0
BRDA:314,33,0,0
BRDA:331,34,0,0
BRDA:352,35,0,0
BRDA:363,36,0,0
BRDA:379,37,0,0
BRDA:393,38,0,0
BRF:54
BRH:0
end_of_record
